[09-Apr-2024 03:56:02 UTC] CATEGORY: Storing in option ast-block-templates-categories
[09-Apr-2024 03:56:02 UTC] BLOCK: Requests count 7
[09-Apr-2024 03:56:02 UTC] BLOCK: Importing request 1 ..
[09-Apr-2024 03:56:02 UTC] BLOCK: https://websitedemos.net/wp-json/astra-blocks/v2/blocks/?page_builder=gutenberg&per_page=30&page=1&wireframe=yes
[09-Apr-2024 03:56:02 UTC] BLOCK: Storing in option ast-block-templates-blocks-1
[09-Apr-2024 03:56:02 UTC] BLOCK: Completed request 1
[09-Apr-2024 03:56:02 UTC] BLOCK: Importing request 2 ..
[09-Apr-2024 03:56:02 UTC] BLOCK: https://websitedemos.net/wp-json/astra-blocks/v2/blocks/?page_builder=gutenberg&per_page=30&page=2&wireframe=yes
[09-Apr-2024 03:56:03 UTC] BLOCK: Storing in option ast-block-templates-blocks-2
[09-Apr-2024 03:56:03 UTC] BLOCK: Completed request 2
[09-Apr-2024 03:56:03 UTC] BLOCK: Importing request 3 ..
[09-Apr-2024 03:56:03 UTC] BLOCK: https://websitedemos.net/wp-json/astra-blocks/v2/blocks/?page_builder=gutenberg&per_page=30&page=3&wireframe=yes
[09-Apr-2024 03:56:03 UTC] BLOCK: Storing in option ast-block-templates-blocks-3
[09-Apr-2024 03:56:03 UTC] BLOCK: Completed request 3
[09-Apr-2024 03:56:04 UTC] BLOCK: Importing request 4 ..
[09-Apr-2024 03:56:04 UTC] BLOCK: https://websitedemos.net/wp-json/astra-blocks/v2/blocks/?page_builder=gutenberg&per_page=30&page=4&wireframe=yes
[09-Apr-2024 03:56:04 UTC] BLOCK: Storing in option ast-block-templates-blocks-4
[09-Apr-2024 03:56:04 UTC] BLOCK: Completed request 4
[09-Apr-2024 03:56:04 UTC] BLOCK: Importing request 5 ..
[09-Apr-2024 03:56:04 UTC] BLOCK: https://websitedemos.net/wp-json/astra-blocks/v2/blocks/?page_builder=gutenberg&per_page=30&page=5&wireframe=yes
[09-Apr-2024 03:56:05 UTC] BLOCK: Storing in option ast-block-templates-blocks-5
[09-Apr-2024 03:56:05 UTC] BLOCK: Completed request 5
[09-Apr-2024 03:56:05 UTC] BLOCK: Importing request 6 ..
[09-Apr-2024 03:56:05 UTC] BLOCK: https://websitedemos.net/wp-json/astra-blocks/v2/blocks/?page_builder=gutenberg&per_page=30&page=6&wireframe=yes
[09-Apr-2024 03:56:05 UTC] BLOCK: Storing in option ast-block-templates-blocks-6
[09-Apr-2024 03:56:05 UTC] BLOCK: Completed request 6
[09-Apr-2024 03:56:05 UTC] BLOCK: Importing request 7 ..
[09-Apr-2024 03:56:05 UTC] BLOCK: https://websitedemos.net/wp-json/astra-blocks/v2/blocks/?page_builder=gutenberg&per_page=30&page=7&wireframe=yes
[09-Apr-2024 03:56:06 UTC] BLOCK: Storing in option ast-block-templates-blocks-7
[09-Apr-2024 03:56:06 UTC] BLOCK: Completed request 7
[09-Apr-2024 03:56:06 UTC] SITE: Getting Total Sites
[09-Apr-2024 03:56:06 UTC] SITE: https://websitedemos.net/wp-json/astra-sites/v1/get-total-pages/?page_builder=gutenberg&per_page=30
[09-Apr-2024 03:56:07 UTC] SITE: Request count 10
[09-Apr-2024 03:56:07 UTC] SITE: Importing request 2 ..
[09-Apr-2024 03:56:07 UTC] SITE: https://websitedemos.net/wp-json/astra-sites/v1/sites-and-pages/?per_page=30&page=2&page-builder=gutenberg
[09-Apr-2024 03:56:07 UTC] SITE: Importing request 1 ..
[09-Apr-2024 03:56:07 UTC] SITE: https://websitedemos.net/wp-json/astra-sites/v1/sites-and-pages/?per_page=30&page=1&page-builder=gutenberg
[09-Apr-2024 03:56:07 UTC] SITE: Storing in option ast-block-templates-sites-2
[09-Apr-2024 03:56:07 UTC] SITE: Completed request 2
[09-Apr-2024 03:56:07 UTC] SITE: Storing in option ast-block-templates-sites-1
[09-Apr-2024 03:56:07 UTC] SITE: Completed request 1
[09-Apr-2024 03:56:08 UTC] SITE: Importing request 4 ..
[09-Apr-2024 03:56:08 UTC] SITE: https://websitedemos.net/wp-json/astra-sites/v1/sites-and-pages/?per_page=30&page=4&page-builder=gutenberg
[09-Apr-2024 03:56:08 UTC] SITE: Importing request 3 ..
[09-Apr-2024 03:56:08 UTC] SITE: https://websitedemos.net/wp-json/astra-sites/v1/sites-and-pages/?per_page=30&page=3&page-builder=gutenberg
[09-Apr-2024 03:56:08 UTC] SITE: Storing in option ast-block-templates-sites-4
[09-Apr-2024 03:56:08 UTC] SITE: Completed request 4
[09-Apr-2024 03:56:08 UTC] SITE: Storing in option ast-block-templates-sites-3
[09-Apr-2024 03:56:08 UTC] SITE: Completed request 3
[09-Apr-2024 03:56:08 UTC] SITE: Importing request 6 ..
[09-Apr-2024 03:56:08 UTC] SITE: https://websitedemos.net/wp-json/astra-sites/v1/sites-and-pages/?per_page=30&page=6&page-builder=gutenberg
[09-Apr-2024 03:56:08 UTC] SITE: Importing request 5 ..
[09-Apr-2024 03:56:08 UTC] SITE: https://websitedemos.net/wp-json/astra-sites/v1/sites-and-pages/?per_page=30&page=5&page-builder=gutenberg
[09-Apr-2024 03:56:09 UTC] SITE: Storing in option ast-block-templates-sites-6
[09-Apr-2024 03:56:09 UTC] SITE: Storing in option ast-block-templates-sites-5
[09-Apr-2024 03:56:09 UTC] SITE: Completed request 6
[09-Apr-2024 03:56:09 UTC] SITE: Completed request 5
[09-Apr-2024 03:56:09 UTC] SITE: Importing request 7 ..
[09-Apr-2024 03:56:09 UTC] SITE: https://websitedemos.net/wp-json/astra-sites/v1/sites-and-pages/?per_page=30&page=7&page-builder=gutenberg
[09-Apr-2024 03:56:09 UTC] SITE: Importing request 8 ..
[09-Apr-2024 03:56:09 UTC] SITE: https://websitedemos.net/wp-json/astra-sites/v1/sites-and-pages/?per_page=30&page=8&page-builder=gutenberg
[09-Apr-2024 03:56:09 UTC] SITE: Storing in option ast-block-templates-sites-7
[09-Apr-2024 03:56:09 UTC] SITE: Storing in option ast-block-templates-sites-8
[09-Apr-2024 03:56:09 UTC] SITE: Completed request 7
[09-Apr-2024 03:56:09 UTC] SITE: Completed request 8
[09-Apr-2024 03:56:09 UTC] SITE: Importing request 9 ..
[09-Apr-2024 03:56:09 UTC] SITE: https://websitedemos.net/wp-json/astra-sites/v1/sites-and-pages/?per_page=30&page=9&page-builder=gutenberg
[09-Apr-2024 03:56:09 UTC] SITE: Importing request 10 ..
[09-Apr-2024 03:56:09 UTC] SITE: https://websitedemos.net/wp-json/astra-sites/v1/sites-and-pages/?per_page=30&page=10&page-builder=gutenberg
[09-Apr-2024 03:56:10 UTC] SITE: Storing in option ast-block-templates-sites-9
[09-Apr-2024 03:56:10 UTC] SITE: Storing in option ast-block-templates-sites-10
[09-Apr-2024 03:56:10 UTC] SITE: Completed request 10
[09-Apr-2024 03:56:10 UTC] SITE: Completed request 9
[10-Apr-2024 05:46:57 UTC] Sync process for Gutenberg Blocks has started.
[10-Apr-2024 05:46:57 UTC] CATEGORY: Storing in option ast-block-templates-categories
[10-Apr-2024 05:46:57 UTC] BLOCK: Requests count 7
[10-Apr-2024 05:46:57 UTC] BLOCK: Importing request 1 ..
[10-Apr-2024 05:46:57 UTC] BLOCK: https://websitedemos.net/wp-json/astra-blocks/v2/blocks/?page_builder=gutenberg&per_page=30&page=1&wireframe=yes
[10-Apr-2024 05:46:58 UTC] BLOCK: Storing in option ast-block-templates-blocks-1
[10-Apr-2024 05:46:58 UTC] BLOCK: Completed request 1
[10-Apr-2024 05:46:58 UTC] BLOCK: Importing request 2 ..
[10-Apr-2024 05:46:58 UTC] BLOCK: https://websitedemos.net/wp-json/astra-blocks/v2/blocks/?page_builder=gutenberg&per_page=30&page=2&wireframe=yes
[10-Apr-2024 05:47:00 UTC] BLOCK: Storing in option ast-block-templates-blocks-2
[10-Apr-2024 05:47:00 UTC] BLOCK: Completed request 2
[10-Apr-2024 05:47:00 UTC] BLOCK: Importing request 3 ..
[10-Apr-2024 05:47:00 UTC] BLOCK: https://websitedemos.net/wp-json/astra-blocks/v2/blocks/?page_builder=gutenberg&per_page=30&page=3&wireframe=yes
[10-Apr-2024 05:47:03 UTC] BLOCK: Storing in option ast-block-templates-blocks-3
[10-Apr-2024 05:47:03 UTC] BLOCK: Completed request 3
[10-Apr-2024 05:47:03 UTC] BLOCK: Importing request 4 ..
[10-Apr-2024 05:47:03 UTC] BLOCK: https://websitedemos.net/wp-json/astra-blocks/v2/blocks/?page_builder=gutenberg&per_page=30&page=4&wireframe=yes
[10-Apr-2024 05:47:04 UTC] BLOCK: Storing in option ast-block-templates-blocks-4
[10-Apr-2024 05:47:04 UTC] BLOCK: Completed request 4
[10-Apr-2024 05:47:04 UTC] BLOCK: Importing request 5 ..
[10-Apr-2024 05:47:04 UTC] BLOCK: https://websitedemos.net/wp-json/astra-blocks/v2/blocks/?page_builder=gutenberg&per_page=30&page=5&wireframe=yes
[10-Apr-2024 05:47:05 UTC] BLOCK: Storing in option ast-block-templates-blocks-5
[10-Apr-2024 05:47:05 UTC] BLOCK: Completed request 5
[10-Apr-2024 05:47:05 UTC] BLOCK: Importing request 6 ..
[10-Apr-2024 05:47:05 UTC] BLOCK: https://websitedemos.net/wp-json/astra-blocks/v2/blocks/?page_builder=gutenberg&per_page=30&page=6&wireframe=yes
[10-Apr-2024 05:47:06 UTC] BLOCK: Storing in option ast-block-templates-blocks-6
[10-Apr-2024 05:47:06 UTC] BLOCK: Completed request 6
[10-Apr-2024 05:47:06 UTC] BLOCK: Importing request 7 ..
[10-Apr-2024 05:47:06 UTC] BLOCK: https://websitedemos.net/wp-json/astra-blocks/v2/blocks/?page_builder=gutenberg&per_page=30&page=7&wireframe=yes
[10-Apr-2024 05:47:07 UTC] BLOCK: Storing in option ast-block-templates-blocks-7
[10-Apr-2024 05:47:07 UTC] BLOCK: Completed request 7
[10-Apr-2024 05:47:07 UTC] SITE: Getting Total Sites
[10-Apr-2024 05:47:07 UTC] SITE: https://websitedemos.net/wp-json/astra-sites/v1/get-total-pages/?page_builder=gutenberg&per_page=30
[10-Apr-2024 05:47:07 UTC] SITE: Request count 10
[10-Apr-2024 05:47:07 UTC] SITE: Importing request 1 ..
[10-Apr-2024 05:47:07 UTC] SITE: https://websitedemos.net/wp-json/astra-sites/v1/sites-and-pages/?per_page=30&page=1&page-builder=gutenberg
[10-Apr-2024 05:47:08 UTC] SITE: Storing in option ast-block-templates-sites-1
[10-Apr-2024 05:47:08 UTC] SITE: Completed request 1
[10-Apr-2024 05:47:08 UTC] SITE: Importing request 2 ..
[10-Apr-2024 05:47:08 UTC] SITE: https://websitedemos.net/wp-json/astra-sites/v1/sites-and-pages/?per_page=30&page=2&page-builder=gutenberg
[10-Apr-2024 05:47:09 UTC] SITE: Storing in option ast-block-templates-sites-2
[10-Apr-2024 05:47:09 UTC] SITE: Completed request 2
[10-Apr-2024 05:47:09 UTC] SITE: Importing request 3 ..
[10-Apr-2024 05:47:09 UTC] SITE: https://websitedemos.net/wp-json/astra-sites/v1/sites-and-pages/?per_page=30&page=3&page-builder=gutenberg
[10-Apr-2024 05:47:09 UTC] SITE: Storing in option ast-block-templates-sites-3
[10-Apr-2024 05:47:09 UTC] SITE: Completed request 3
[10-Apr-2024 05:47:09 UTC] SITE: Importing request 4 ..
[10-Apr-2024 05:47:09 UTC] SITE: https://websitedemos.net/wp-json/astra-sites/v1/sites-and-pages/?per_page=30&page=4&page-builder=gutenberg
[10-Apr-2024 05:47:10 UTC] SITE: Storing in option ast-block-templates-sites-4
[10-Apr-2024 05:47:10 UTC] SITE: Completed request 4
[10-Apr-2024 05:47:10 UTC] SITE: Importing request 5 ..
[10-Apr-2024 05:47:10 UTC] SITE: https://websitedemos.net/wp-json/astra-sites/v1/sites-and-pages/?per_page=30&page=5&page-builder=gutenberg
[10-Apr-2024 05:47:11 UTC] SITE: Storing in option ast-block-templates-sites-5
[10-Apr-2024 05:47:11 UTC] SITE: Completed request 5
[10-Apr-2024 05:47:11 UTC] SITE: Importing request 6 ..
[10-Apr-2024 05:47:11 UTC] SITE: https://websitedemos.net/wp-json/astra-sites/v1/sites-and-pages/?per_page=30&page=6&page-builder=gutenberg
[10-Apr-2024 05:47:11 UTC] SITE: Storing in option ast-block-templates-sites-6
[10-Apr-2024 05:47:11 UTC] SITE: Completed request 6
[10-Apr-2024 05:47:11 UTC] SITE: Importing request 7 ..
[10-Apr-2024 05:47:11 UTC] SITE: https://websitedemos.net/wp-json/astra-sites/v1/sites-and-pages/?per_page=30&page=7&page-builder=gutenberg
[10-Apr-2024 05:47:12 UTC] SITE: Storing in option ast-block-templates-sites-7
[10-Apr-2024 05:47:12 UTC] SITE: Completed request 7
[10-Apr-2024 05:47:12 UTC] SITE: Importing request 8 ..
[10-Apr-2024 05:47:12 UTC] SITE: https://websitedemos.net/wp-json/astra-sites/v1/sites-and-pages/?per_page=30&page=8&page-builder=gutenberg
[10-Apr-2024 05:47:12 UTC] SITE: Storing in option ast-block-templates-sites-8
[10-Apr-2024 05:47:12 UTC] SITE: Completed request 8
[10-Apr-2024 05:47:12 UTC] SITE: Importing request 9 ..
[10-Apr-2024 05:47:12 UTC] SITE: https://websitedemos.net/wp-json/astra-sites/v1/sites-and-pages/?per_page=30&page=9&page-builder=gutenberg
[10-Apr-2024 05:47:13 UTC] SITE: Storing in option ast-block-templates-sites-9
[10-Apr-2024 05:47:13 UTC] SITE: Completed request 9
[10-Apr-2024 05:47:13 UTC] SITE: Importing request 10 ..
[10-Apr-2024 05:47:13 UTC] SITE: https://websitedemos.net/wp-json/astra-sites/v1/sites-and-pages/?per_page=30&page=10&page-builder=gutenberg
[10-Apr-2024 05:47:14 UTC] SITE: Storing in option ast-block-templates-sites-10
[10-Apr-2024 05:47:14 UTC] SITE: Completed request 10
[10-Apr-2024 05:47:14 UTC] Sync process for Gutenberg Blocks is done.
[10-Apr-2024 05:47:14 UTC] BLOCK: Getting Server Custimizer CSS
[10-Apr-2024 05:47:14 UTC] BLOCK: https://websitedemos.net/wp-json/astra-blocks/v2/get-customizer-css
[12-Apr-2024 03:17:27 UTC] File: ast-block-templates-categories.json Created Successfully!
[12-Apr-2024 03:17:27 UTC] File: ast-block-templates-blocks-1.json Created Successfully!
[12-Apr-2024 03:17:27 UTC] File: ast-block-templates-blocks-2.json Created Successfully!
[12-Apr-2024 03:17:27 UTC] File: ast-block-templates-blocks-3.json Created Successfully!
[12-Apr-2024 03:17:27 UTC] File: ast-block-templates-blocks-4.json Created Successfully!
[12-Apr-2024 03:17:27 UTC] File: ast-block-templates-blocks-5.json Created Successfully!
[12-Apr-2024 03:17:27 UTC] File: ast-block-templates-blocks-6.json Created Successfully!
[12-Apr-2024 03:17:27 UTC] File: ast-block-templates-blocks-7.json Created Successfully!
[12-Apr-2024 03:17:27 UTC] File: ast-block-templates-block-requests.json Created Successfully!
[12-Apr-2024 03:17:27 UTC] File: ast-block-templates-sites-1.json Created Successfully!
[12-Apr-2024 03:17:27 UTC] File: ast-block-templates-sites-2.json Created Successfully!
[12-Apr-2024 03:17:27 UTC] File: ast-block-templates-sites-3.json Created Successfully!
[12-Apr-2024 03:17:27 UTC] File: ast-block-templates-sites-4.json Created Successfully!
[12-Apr-2024 03:17:27 UTC] File: ast-block-templates-sites-5.json Created Successfully!
[12-Apr-2024 03:17:27 UTC] File: ast-block-templates-sites-6.json Created Successfully!
[12-Apr-2024 03:17:27 UTC] File: ast-block-templates-sites-7.json Created Successfully!
[12-Apr-2024 03:17:27 UTC] File: ast-block-templates-site-requests.json Created Successfully!
[12-Apr-2024 03:17:27 UTC] File: ast-block-templates-last-export-checksums.json Created Successfully!
[12-Apr-2024 03:17:27 UTC] File: ast-block-templates-customizer-css.json Created Successfully!
[12-Apr-2024 03:19:27 UTC] Sync process for Gutenberg Blocks has started.
[12-Apr-2024 03:19:27 UTC] CATEGORY: Storing in ast-block-templates-categories.json
[12-Apr-2024 03:19:27 UTC] File: ast-block-templates-categories.json Updated Successfully!
[12-Apr-2024 03:19:27 UTC] BLOCK: Requests count 7
[12-Apr-2024 03:19:27 UTC] File: ast-block-templates-block-requests.json Updated Successfully!
[12-Apr-2024 03:19:27 UTC] BLOCK: Importing request 1 ..
[12-Apr-2024 03:19:27 UTC] BLOCK: https://websitedemos.net/wp-json/astra-blocks/v2/blocks/?page_builder=gutenberg&per_page=30&page=1&wireframe=yes
[12-Apr-2024 03:19:27 UTC] BLOCK: Storing in file ast-block-templates-blocks-1
[12-Apr-2024 03:19:27 UTC] File: ast-block-templates-blocks-1.json Updated Successfully!
[12-Apr-2024 03:19:27 UTC] BLOCK: Completed request 1
[12-Apr-2024 03:19:27 UTC] BLOCK: Importing request 2 ..
[12-Apr-2024 03:19:27 UTC] BLOCK: https://websitedemos.net/wp-json/astra-blocks/v2/blocks/?page_builder=gutenberg&per_page=30&page=2&wireframe=yes
[12-Apr-2024 03:19:28 UTC] BLOCK: Storing in file ast-block-templates-blocks-2
[12-Apr-2024 03:19:28 UTC] File: ast-block-templates-blocks-2.json Updated Successfully!
[12-Apr-2024 03:19:28 UTC] BLOCK: Completed request 2
[12-Apr-2024 03:19:28 UTC] BLOCK: Importing request 3 ..
[12-Apr-2024 03:19:28 UTC] BLOCK: https://websitedemos.net/wp-json/astra-blocks/v2/blocks/?page_builder=gutenberg&per_page=30&page=3&wireframe=yes
[12-Apr-2024 03:19:28 UTC] BLOCK: Storing in file ast-block-templates-blocks-3
[12-Apr-2024 03:19:28 UTC] File: ast-block-templates-blocks-3.json Updated Successfully!
[12-Apr-2024 03:19:28 UTC] BLOCK: Completed request 3
[12-Apr-2024 03:19:28 UTC] BLOCK: Importing request 4 ..
[12-Apr-2024 03:19:28 UTC] BLOCK: https://websitedemos.net/wp-json/astra-blocks/v2/blocks/?page_builder=gutenberg&per_page=30&page=4&wireframe=yes
[12-Apr-2024 03:19:28 UTC] BLOCK: Storing in file ast-block-templates-blocks-4
[12-Apr-2024 03:19:28 UTC] File: ast-block-templates-blocks-4.json Updated Successfully!
[12-Apr-2024 03:19:28 UTC] BLOCK: Completed request 4
[12-Apr-2024 03:19:28 UTC] BLOCK: Importing request 5 ..
[12-Apr-2024 03:19:28 UTC] BLOCK: https://websitedemos.net/wp-json/astra-blocks/v2/blocks/?page_builder=gutenberg&per_page=30&page=5&wireframe=yes
[12-Apr-2024 03:19:28 UTC] BLOCK: Storing in file ast-block-templates-blocks-5
[12-Apr-2024 03:19:28 UTC] File: ast-block-templates-blocks-5.json Updated Successfully!
[12-Apr-2024 03:19:28 UTC] BLOCK: Completed request 5
[12-Apr-2024 03:19:28 UTC] BLOCK: Importing request 6 ..
[12-Apr-2024 03:19:28 UTC] BLOCK: https://websitedemos.net/wp-json/astra-blocks/v2/blocks/?page_builder=gutenberg&per_page=30&page=6&wireframe=yes
[12-Apr-2024 03:19:28 UTC] BLOCK: Storing in file ast-block-templates-blocks-6
[12-Apr-2024 03:19:28 UTC] File: ast-block-templates-blocks-6.json Updated Successfully!
[12-Apr-2024 03:19:28 UTC] BLOCK: Completed request 6
[12-Apr-2024 03:19:28 UTC] BLOCK: Importing request 7 ..
[12-Apr-2024 03:19:28 UTC] BLOCK: https://websitedemos.net/wp-json/astra-blocks/v2/blocks/?page_builder=gutenberg&per_page=30&page=7&wireframe=yes
[12-Apr-2024 03:19:29 UTC] BLOCK: Storing in file ast-block-templates-blocks-7
[12-Apr-2024 03:19:29 UTC] File: ast-block-templates-blocks-7.json Updated Successfully!
[12-Apr-2024 03:19:29 UTC] BLOCK: Completed request 7
[12-Apr-2024 03:19:29 UTC] SITE: Getting Total Sites
[12-Apr-2024 03:19:29 UTC] SITE: https://websitedemos.net/wp-json/astra-sites/v1/get-total-pages/?page_builder=gutenberg&per_page=30
[12-Apr-2024 03:19:29 UTC] SITE: Request count 11
[12-Apr-2024 03:19:29 UTC] File: ast-block-templates-site-requests.json Updated Successfully!
[12-Apr-2024 03:19:29 UTC] SITE: Importing request 1 ..
[12-Apr-2024 03:19:29 UTC] SITE: https://websitedemos.net/wp-json/astra-sites/v1/sites-and-pages/?per_page=30&page=1&page-builder=gutenberg
[12-Apr-2024 03:19:29 UTC] SITE: Storing in file ast-block-templates-sites-1
[12-Apr-2024 03:19:29 UTC] File: ast-block-templates-sites-1.json Updated Successfully!
[12-Apr-2024 03:19:29 UTC] SITE: Completed request 1
[12-Apr-2024 03:19:29 UTC] SITE: Importing request 2 ..
[12-Apr-2024 03:19:29 UTC] SITE: https://websitedemos.net/wp-json/astra-sites/v1/sites-and-pages/?per_page=30&page=2&page-builder=gutenberg
[12-Apr-2024 03:19:29 UTC] SITE: Storing in file ast-block-templates-sites-2
[12-Apr-2024 03:19:29 UTC] File: ast-block-templates-sites-2.json Updated Successfully!
[12-Apr-2024 03:19:29 UTC] SITE: Completed request 2
[12-Apr-2024 03:19:29 UTC] SITE: Importing request 3 ..
[12-Apr-2024 03:19:29 UTC] SITE: https://websitedemos.net/wp-json/astra-sites/v1/sites-and-pages/?per_page=30&page=3&page-builder=gutenberg
[12-Apr-2024 03:19:29 UTC] SITE: Storing in file ast-block-templates-sites-3
[12-Apr-2024 03:19:29 UTC] File: ast-block-templates-sites-3.json Updated Successfully!
[12-Apr-2024 03:19:29 UTC] SITE: Completed request 3
[12-Apr-2024 03:19:29 UTC] SITE: Importing request 4 ..
[12-Apr-2024 03:19:29 UTC] SITE: https://websitedemos.net/wp-json/astra-sites/v1/sites-and-pages/?per_page=30&page=4&page-builder=gutenberg
[12-Apr-2024 03:19:30 UTC] SITE: Storing in file ast-block-templates-sites-4
[12-Apr-2024 03:19:30 UTC] File: ast-block-templates-sites-4.json Updated Successfully!
[12-Apr-2024 03:19:30 UTC] SITE: Completed request 4
[12-Apr-2024 03:19:30 UTC] SITE: Importing request 5 ..
[12-Apr-2024 03:19:30 UTC] SITE: https://websitedemos.net/wp-json/astra-sites/v1/sites-and-pages/?per_page=30&page=5&page-builder=gutenberg
[12-Apr-2024 03:19:30 UTC] SITE: Storing in file ast-block-templates-sites-5
[12-Apr-2024 03:19:30 UTC] File: ast-block-templates-sites-5.json Updated Successfully!
[12-Apr-2024 03:19:30 UTC] SITE: Completed request 5
[12-Apr-2024 03:19:30 UTC] SITE: Importing request 6 ..
[12-Apr-2024 03:19:30 UTC] SITE: https://websitedemos.net/wp-json/astra-sites/v1/sites-and-pages/?per_page=30&page=6&page-builder=gutenberg
[12-Apr-2024 03:19:30 UTC] SITE: Storing in file ast-block-templates-sites-6
[12-Apr-2024 03:19:30 UTC] File: ast-block-templates-sites-6.json Updated Successfully!
[12-Apr-2024 03:19:30 UTC] SITE: Completed request 6
[12-Apr-2024 03:19:30 UTC] SITE: Importing request 7 ..
[12-Apr-2024 03:19:30 UTC] SITE: https://websitedemos.net/wp-json/astra-sites/v1/sites-and-pages/?per_page=30&page=7&page-builder=gutenberg
[12-Apr-2024 03:19:30 UTC] SITE: Storing in file ast-block-templates-sites-7
[12-Apr-2024 03:19:30 UTC] File: ast-block-templates-sites-7.json Updated Successfully!
[12-Apr-2024 03:19:30 UTC] SITE: Completed request 7
[12-Apr-2024 03:19:30 UTC] SITE: Importing request 8 ..
[12-Apr-2024 03:19:30 UTC] SITE: https://websitedemos.net/wp-json/astra-sites/v1/sites-and-pages/?per_page=30&page=8&page-builder=gutenberg
[12-Apr-2024 03:19:30 UTC] SITE: Storing in file ast-block-templates-sites-8
[12-Apr-2024 03:19:30 UTC] File: ast-block-templates-sites-8.json Not Updated!
[12-Apr-2024 03:19:30 UTC] SITE: Completed request 8
[12-Apr-2024 03:19:30 UTC] SITE: Importing request 9 ..
[12-Apr-2024 03:19:30 UTC] SITE: https://websitedemos.net/wp-json/astra-sites/v1/sites-and-pages/?per_page=30&page=9&page-builder=gutenberg
[12-Apr-2024 03:19:30 UTC] SITE: Storing in file ast-block-templates-sites-9
[12-Apr-2024 03:19:30 UTC] File: ast-block-templates-sites-9.json Not Updated!
[12-Apr-2024 03:19:30 UTC] SITE: Completed request 9
[12-Apr-2024 03:19:30 UTC] SITE: Importing request 10 ..
[12-Apr-2024 03:19:30 UTC] SITE: https://websitedemos.net/wp-json/astra-sites/v1/sites-and-pages/?per_page=30&page=10&page-builder=gutenberg
[12-Apr-2024 03:19:31 UTC] SITE: Storing in file ast-block-templates-sites-10
[12-Apr-2024 03:19:31 UTC] File: ast-block-templates-sites-10.json Not Updated!
[12-Apr-2024 03:19:31 UTC] SITE: Completed request 10
[12-Apr-2024 03:19:31 UTC] SITE: Importing request 11 ..
[12-Apr-2024 03:19:31 UTC] SITE: https://websitedemos.net/wp-json/astra-sites/v1/sites-and-pages/?per_page=30&page=11&page-builder=gutenberg
[12-Apr-2024 03:19:31 UTC] SITE: Storing in file ast-block-templates-sites-11
[12-Apr-2024 03:19:31 UTC] File: ast-block-templates-sites-11.json Not Updated!
[12-Apr-2024 03:19:31 UTC] SITE: Completed request 11
[12-Apr-2024 03:19:31 UTC] Sync process for Gutenberg Blocks is done.
[12-Apr-2024 03:19:31 UTC] File: ast-block-templates-last-export-checksums.json Updated Successfully!
[12-Apr-2024 03:19:31 UTC] BLOCK: Getting Server Custimizer CSS
[12-Apr-2024 03:19:31 UTC] BLOCK: https://websitedemos.net/wp-json/astra-blocks/v2/get-customizer-css
[12-Apr-2024 03:19:31 UTC] File: ast-block-templates-customizer-css.json Updated Successfully!
[15-Apr-2024 02:40:06 UTC] BLOCK: Getting Spectra Common CSS
[15-Apr-2024 02:40:06 UTC] BLOCK: https://websitedemos.net/wp-json/astra-blocks/v2/spectra-common-styles
[15-Apr-2024 02:40:11 UTC] Sync process for Gutenberg Blocks has started.
[15-Apr-2024 02:40:11 UTC] CATEGORY: Storing in ast-block-templates-categories.json
[15-Apr-2024 02:40:11 UTC] File: ast-block-templates-categories.json Updated Successfully!
[15-Apr-2024 02:40:11 UTC] BLOCK: Requests count 7
[15-Apr-2024 02:40:11 UTC] File: ast-block-templates-block-requests.json Updated Successfully!
[15-Apr-2024 02:40:11 UTC] BLOCK: Importing request 1 ..
[15-Apr-2024 02:40:11 UTC] BLOCK: https://websitedemos.net/wp-json/astra-blocks/v2/blocks/?page_builder=gutenberg&per_page=30&page=1&wireframe=yes
[15-Apr-2024 02:40:11 UTC] BLOCK: Storing in file ast-block-templates-blocks-1
[15-Apr-2024 02:40:11 UTC] File: ast-block-templates-blocks-1.json Updated Successfully!
[15-Apr-2024 02:40:11 UTC] BLOCK: Completed request 1
[15-Apr-2024 02:40:11 UTC] BLOCK: Importing request 2 ..
[15-Apr-2024 02:40:11 UTC] BLOCK: https://websitedemos.net/wp-json/astra-blocks/v2/blocks/?page_builder=gutenberg&per_page=30&page=2&wireframe=yes
[15-Apr-2024 02:40:12 UTC] BLOCK: Storing in file ast-block-templates-blocks-2
[15-Apr-2024 02:40:12 UTC] File: ast-block-templates-blocks-2.json Updated Successfully!
[15-Apr-2024 02:40:12 UTC] BLOCK: Completed request 2
[15-Apr-2024 02:40:12 UTC] BLOCK: Importing request 3 ..
[15-Apr-2024 02:40:12 UTC] BLOCK: https://websitedemos.net/wp-json/astra-blocks/v2/blocks/?page_builder=gutenberg&per_page=30&page=3&wireframe=yes
[15-Apr-2024 02:40:14 UTC] BLOCK: Storing in file ast-block-templates-blocks-3
[15-Apr-2024 02:40:14 UTC] File: ast-block-templates-blocks-3.json Updated Successfully!
[15-Apr-2024 02:40:14 UTC] BLOCK: Completed request 3
[15-Apr-2024 02:40:14 UTC] BLOCK: Importing request 4 ..
[15-Apr-2024 02:40:14 UTC] BLOCK: https://websitedemos.net/wp-json/astra-blocks/v2/blocks/?page_builder=gutenberg&per_page=30&page=4&wireframe=yes
[15-Apr-2024 02:40:14 UTC] BLOCK: Storing in file ast-block-templates-blocks-4
[15-Apr-2024 02:40:14 UTC] File: ast-block-templates-blocks-4.json Updated Successfully!
[15-Apr-2024 02:40:14 UTC] BLOCK: Completed request 4
[15-Apr-2024 02:40:14 UTC] BLOCK: Importing request 5 ..
[15-Apr-2024 02:40:14 UTC] BLOCK: https://websitedemos.net/wp-json/astra-blocks/v2/blocks/?page_builder=gutenberg&per_page=30&page=5&wireframe=yes
[15-Apr-2024 02:40:15 UTC] BLOCK: Storing in file ast-block-templates-blocks-5
[15-Apr-2024 02:40:15 UTC] File: ast-block-templates-blocks-5.json Updated Successfully!
[15-Apr-2024 02:40:15 UTC] BLOCK: Completed request 5
[15-Apr-2024 02:40:15 UTC] BLOCK: Importing request 6 ..
[15-Apr-2024 02:40:15 UTC] BLOCK: https://websitedemos.net/wp-json/astra-blocks/v2/blocks/?page_builder=gutenberg&per_page=30&page=6&wireframe=yes
[15-Apr-2024 02:40:15 UTC] BLOCK: Storing in file ast-block-templates-blocks-6
[15-Apr-2024 02:40:15 UTC] File: ast-block-templates-blocks-6.json Updated Successfully!
[15-Apr-2024 02:40:15 UTC] BLOCK: Completed request 6
[15-Apr-2024 02:40:15 UTC] BLOCK: Importing request 7 ..
[15-Apr-2024 02:40:15 UTC] BLOCK: https://websitedemos.net/wp-json/astra-blocks/v2/blocks/?page_builder=gutenberg&per_page=30&page=7&wireframe=yes
[15-Apr-2024 02:40:16 UTC] BLOCK: Storing in file ast-block-templates-blocks-7
[15-Apr-2024 02:40:16 UTC] File: ast-block-templates-blocks-7.json Updated Successfully!
[15-Apr-2024 02:40:16 UTC] BLOCK: Completed request 7
[15-Apr-2024 02:40:16 UTC] SITE: Getting Total Sites
[15-Apr-2024 02:40:16 UTC] SITE: https://websitedemos.net/wp-json/astra-sites/v1/get-total-pages/?page_builder=gutenberg&per_page=30
[15-Apr-2024 02:40:16 UTC] SITE: Request count 11
[15-Apr-2024 02:40:16 UTC] File: ast-block-templates-site-requests.json Updated Successfully!
[15-Apr-2024 02:40:16 UTC] SITE: Importing request 1 ..
[15-Apr-2024 02:40:16 UTC] SITE: https://websitedemos.net/wp-json/astra-sites/v1/sites-and-pages/?per_page=30&page=1&page-builder=gutenberg
[15-Apr-2024 02:40:17 UTC] SITE: Storing in file ast-block-templates-sites-1
[15-Apr-2024 02:40:17 UTC] File: ast-block-templates-sites-1.json Updated Successfully!
[15-Apr-2024 02:40:17 UTC] SITE: Completed request 1
[15-Apr-2024 02:40:17 UTC] SITE: Importing request 2 ..
[15-Apr-2024 02:40:17 UTC] SITE: https://websitedemos.net/wp-json/astra-sites/v1/sites-and-pages/?per_page=30&page=2&page-builder=gutenberg
[15-Apr-2024 02:40:17 UTC] SITE: Storing in file ast-block-templates-sites-2
[15-Apr-2024 02:40:17 UTC] File: ast-block-templates-sites-2.json Updated Successfully!
[15-Apr-2024 02:40:17 UTC] SITE: Completed request 2
[15-Apr-2024 02:40:17 UTC] SITE: Importing request 3 ..
[15-Apr-2024 02:40:17 UTC] SITE: https://websitedemos.net/wp-json/astra-sites/v1/sites-and-pages/?per_page=30&page=3&page-builder=gutenberg
[15-Apr-2024 02:40:18 UTC] SITE: Storing in file ast-block-templates-sites-3
[15-Apr-2024 02:40:18 UTC] File: ast-block-templates-sites-3.json Updated Successfully!
[15-Apr-2024 02:40:18 UTC] SITE: Completed request 3
[15-Apr-2024 02:40:18 UTC] SITE: Importing request 4 ..
[15-Apr-2024 02:40:18 UTC] SITE: https://websitedemos.net/wp-json/astra-sites/v1/sites-and-pages/?per_page=30&page=4&page-builder=gutenberg
[15-Apr-2024 02:40:18 UTC] SITE: Storing in file ast-block-templates-sites-4
[15-Apr-2024 02:40:18 UTC] File: ast-block-templates-sites-4.json Updated Successfully!
[15-Apr-2024 02:40:18 UTC] SITE: Completed request 4
[15-Apr-2024 02:40:18 UTC] SITE: Importing request 5 ..
[15-Apr-2024 02:40:18 UTC] SITE: https://websitedemos.net/wp-json/astra-sites/v1/sites-and-pages/?per_page=30&page=5&page-builder=gutenberg
[15-Apr-2024 02:40:18 UTC] SITE: Storing in file ast-block-templates-sites-5
[15-Apr-2024 02:40:18 UTC] File: ast-block-templates-sites-5.json Updated Successfully!
[15-Apr-2024 02:40:18 UTC] SITE: Completed request 5
[15-Apr-2024 02:40:18 UTC] SITE: Importing request 6 ..
[15-Apr-2024 02:40:18 UTC] SITE: https://websitedemos.net/wp-json/astra-sites/v1/sites-and-pages/?per_page=30&page=6&page-builder=gutenberg
[15-Apr-2024 02:40:19 UTC] SITE: Storing in file ast-block-templates-sites-6
[15-Apr-2024 02:40:19 UTC] File: ast-block-templates-sites-6.json Updated Successfully!
[15-Apr-2024 02:40:19 UTC] SITE: Completed request 6
[15-Apr-2024 02:40:19 UTC] SITE: Importing request 7 ..
[15-Apr-2024 02:40:19 UTC] SITE: https://websitedemos.net/wp-json/astra-sites/v1/sites-and-pages/?per_page=30&page=7&page-builder=gutenberg
[15-Apr-2024 02:40:19 UTC] SITE: Storing in file ast-block-templates-sites-7
[15-Apr-2024 02:40:19 UTC] File: ast-block-templates-sites-7.json Updated Successfully!
[15-Apr-2024 02:40:19 UTC] SITE: Completed request 7
[15-Apr-2024 02:40:19 UTC] SITE: Importing request 8 ..
[15-Apr-2024 02:40:19 UTC] SITE: https://websitedemos.net/wp-json/astra-sites/v1/sites-and-pages/?per_page=30&page=8&page-builder=gutenberg
[15-Apr-2024 02:40:20 UTC] SITE: Storing in file ast-block-templates-sites-8
[15-Apr-2024 02:40:20 UTC] File: ast-block-templates-sites-8.json Not Updated!
[15-Apr-2024 02:40:20 UTC] SITE: Completed request 8
[15-Apr-2024 02:40:20 UTC] SITE: Importing request 9 ..
[15-Apr-2024 02:40:20 UTC] SITE: https://websitedemos.net/wp-json/astra-sites/v1/sites-and-pages/?per_page=30&page=9&page-builder=gutenberg
[15-Apr-2024 02:40:21 UTC] SITE: Storing in file ast-block-templates-sites-9
[15-Apr-2024 02:40:21 UTC] File: ast-block-templates-sites-9.json Not Updated!
[15-Apr-2024 02:40:21 UTC] SITE: Completed request 9
[15-Apr-2024 02:40:21 UTC] SITE: Importing request 10 ..
[15-Apr-2024 02:40:21 UTC] SITE: https://websitedemos.net/wp-json/astra-sites/v1/sites-and-pages/?per_page=30&page=10&page-builder=gutenberg
[15-Apr-2024 02:40:21 UTC] SITE: Storing in file ast-block-templates-sites-10
[15-Apr-2024 02:40:21 UTC] File: ast-block-templates-sites-10.json Not Updated!
[15-Apr-2024 02:40:21 UTC] SITE: Completed request 10
[15-Apr-2024 02:40:21 UTC] SITE: Importing request 11 ..
[15-Apr-2024 02:40:21 UTC] SITE: https://websitedemos.net/wp-json/astra-sites/v1/sites-and-pages/?per_page=30&page=11&page-builder=gutenberg
[15-Apr-2024 02:40:22 UTC] SITE: Storing in file ast-block-templates-sites-11
[15-Apr-2024 02:40:22 UTC] File: ast-block-templates-sites-11.json Not Updated!
[15-Apr-2024 02:40:22 UTC] SITE: Completed request 11
[15-Apr-2024 02:40:22 UTC] Sync process for Gutenberg Blocks is done.
[15-Apr-2024 02:40:22 UTC] File: ast-block-templates-last-export-checksums.json Updated Successfully!
[15-Apr-2024 02:40:22 UTC] BLOCK: Getting Server Custimizer CSS
[15-Apr-2024 02:40:22 UTC] BLOCK: https://websitedemos.net/wp-json/astra-blocks/v2/get-customizer-css
[15-Apr-2024 02:40:22 UTC] File: ast-block-templates-customizer-css.json Updated Successfully!
[15-Apr-2024 03:14:02 UTC] BLOCK: Getting Spectra Common CSS
[15-Apr-2024 04:18:44 UTC] BLOCK: Getting Spectra Common CSS
[15-Apr-2024 04:35:04 UTC] BLOCK: Getting Spectra Common CSS
[15-Apr-2024 04:35:50 UTC] BLOCK: Getting Spectra Common CSS
[15-Apr-2024 04:36:37 UTC] BLOCK: Getting Spectra Common CSS
[15-Apr-2024 04:36:38 UTC] BLOCK: Getting Spectra Common CSS
[15-Apr-2024 04:36:48 UTC] BLOCK: Getting Spectra Common CSS
[15-Apr-2024 04:36:49 UTC] BLOCK: Getting Spectra Common CSS
[15-Apr-2024 05:05:52 UTC] BLOCK: Getting Spectra Common CSS
[15-Apr-2024 05:07:15 UTC] BLOCK: Getting Spectra Common CSS
[15-Apr-2024 14:13:29 UTC] BLOCK: Getting Spectra Common CSS
[16-Apr-2024 04:46:57 UTC] BLOCK: Getting Spectra Common CSS
[16-Apr-2024 04:47:11 UTC] Sync process for Gutenberg Blocks has started.
[16-Apr-2024 04:47:11 UTC] CATEGORY: Storing in ast-block-templates-categories.json
[16-Apr-2024 04:47:11 UTC] File: ast-block-templates-categories.json Updated Successfully!
[16-Apr-2024 04:47:11 UTC] BLOCK: Requests count 7
[16-Apr-2024 04:47:11 UTC] File: ast-block-templates-block-requests.json Updated Successfully!
[16-Apr-2024 04:47:11 UTC] BLOCK: Importing request 1 ..
[16-Apr-2024 04:47:11 UTC] BLOCK: https://websitedemos.net/wp-json/astra-blocks/v2/blocks/?page_builder=gutenberg&per_page=30&page=1&wireframe=yes
[16-Apr-2024 04:47:11 UTC] BLOCK: Storing in file ast-block-templates-blocks-1
[16-Apr-2024 04:47:11 UTC] File: ast-block-templates-blocks-1.json Updated Successfully!
[16-Apr-2024 04:47:11 UTC] BLOCK: Completed request 1
[16-Apr-2024 04:47:11 UTC] BLOCK: Importing request 2 ..
[16-Apr-2024 04:47:11 UTC] BLOCK: https://websitedemos.net/wp-json/astra-blocks/v2/blocks/?page_builder=gutenberg&per_page=30&page=2&wireframe=yes
[16-Apr-2024 04:47:12 UTC] BLOCK: Storing in file ast-block-templates-blocks-2
[16-Apr-2024 04:47:12 UTC] File: ast-block-templates-blocks-2.json Updated Successfully!
[16-Apr-2024 04:47:12 UTC] BLOCK: Completed request 2
[16-Apr-2024 04:47:12 UTC] BLOCK: Importing request 3 ..
[16-Apr-2024 04:47:12 UTC] BLOCK: https://websitedemos.net/wp-json/astra-blocks/v2/blocks/?page_builder=gutenberg&per_page=30&page=3&wireframe=yes
[16-Apr-2024 04:47:13 UTC] BLOCK: Storing in file ast-block-templates-blocks-3
[16-Apr-2024 04:47:13 UTC] File: ast-block-templates-blocks-3.json Updated Successfully!
[16-Apr-2024 04:47:13 UTC] BLOCK: Completed request 3
[16-Apr-2024 04:47:13 UTC] BLOCK: Importing request 4 ..
[16-Apr-2024 04:47:13 UTC] BLOCK: https://websitedemos.net/wp-json/astra-blocks/v2/blocks/?page_builder=gutenberg&per_page=30&page=4&wireframe=yes
[16-Apr-2024 04:47:13 UTC] BLOCK: Storing in file ast-block-templates-blocks-4
[16-Apr-2024 04:47:13 UTC] File: ast-block-templates-blocks-4.json Updated Successfully!
[16-Apr-2024 04:47:13 UTC] BLOCK: Completed request 4
[16-Apr-2024 04:47:13 UTC] BLOCK: Importing request 5 ..
[16-Apr-2024 04:47:13 UTC] BLOCK: https://websitedemos.net/wp-json/astra-blocks/v2/blocks/?page_builder=gutenberg&per_page=30&page=5&wireframe=yes
[16-Apr-2024 04:47:14 UTC] BLOCK: Storing in file ast-block-templates-blocks-5
[16-Apr-2024 04:47:14 UTC] File: ast-block-templates-blocks-5.json Updated Successfully!
[16-Apr-2024 04:47:14 UTC] BLOCK: Completed request 5
[16-Apr-2024 04:47:14 UTC] BLOCK: Importing request 6 ..
[16-Apr-2024 04:47:14 UTC] BLOCK: https://websitedemos.net/wp-json/astra-blocks/v2/blocks/?page_builder=gutenberg&per_page=30&page=6&wireframe=yes
[16-Apr-2024 04:47:15 UTC] BLOCK: Storing in file ast-block-templates-blocks-6
[16-Apr-2024 04:47:15 UTC] File: ast-block-templates-blocks-6.json Updated Successfully!
[16-Apr-2024 04:47:15 UTC] BLOCK: Completed request 6
[16-Apr-2024 04:47:15 UTC] BLOCK: Importing request 7 ..
[16-Apr-2024 04:47:15 UTC] BLOCK: https://websitedemos.net/wp-json/astra-blocks/v2/blocks/?page_builder=gutenberg&per_page=30&page=7&wireframe=yes
[16-Apr-2024 04:47:15 UTC] BLOCK: Storing in file ast-block-templates-blocks-7
[16-Apr-2024 04:47:15 UTC] File: ast-block-templates-blocks-7.json Updated Successfully!
[16-Apr-2024 04:47:15 UTC] BLOCK: Completed request 7
[16-Apr-2024 04:47:15 UTC] SITE: Getting Total Sites
[16-Apr-2024 04:47:15 UTC] SITE: https://websitedemos.net/wp-json/astra-sites/v1/get-total-pages/?page_builder=gutenberg&per_page=30
[16-Apr-2024 04:47:16 UTC] SITE: Request count 11
[16-Apr-2024 04:47:16 UTC] File: ast-block-templates-site-requests.json Updated Successfully!
[16-Apr-2024 04:47:16 UTC] SITE: Importing request 1 ..
[16-Apr-2024 04:47:16 UTC] SITE: https://websitedemos.net/wp-json/astra-sites/v1/sites-and-pages/?per_page=30&page=1&page-builder=gutenberg
[16-Apr-2024 04:47:16 UTC] SITE: Storing in file ast-block-templates-sites-1
[16-Apr-2024 04:47:16 UTC] File: ast-block-templates-sites-1.json Updated Successfully!
[16-Apr-2024 04:47:16 UTC] SITE: Completed request 1
[16-Apr-2024 04:47:16 UTC] SITE: Importing request 2 ..
[16-Apr-2024 04:47:16 UTC] SITE: https://websitedemos.net/wp-json/astra-sites/v1/sites-and-pages/?per_page=30&page=2&page-builder=gutenberg
[16-Apr-2024 04:47:17 UTC] SITE: Storing in file ast-block-templates-sites-2
[16-Apr-2024 04:47:17 UTC] File: ast-block-templates-sites-2.json Updated Successfully!
[16-Apr-2024 04:47:17 UTC] SITE: Completed request 2
[16-Apr-2024 04:47:17 UTC] SITE: Importing request 3 ..
[16-Apr-2024 04:47:17 UTC] SITE: https://websitedemos.net/wp-json/astra-sites/v1/sites-and-pages/?per_page=30&page=3&page-builder=gutenberg
[16-Apr-2024 04:47:17 UTC] SITE: Storing in file ast-block-templates-sites-3
[16-Apr-2024 04:47:17 UTC] File: ast-block-templates-sites-3.json Updated Successfully!
[16-Apr-2024 04:47:17 UTC] SITE: Completed request 3
[16-Apr-2024 04:47:17 UTC] SITE: Importing request 4 ..
[16-Apr-2024 04:47:17 UTC] SITE: https://websitedemos.net/wp-json/astra-sites/v1/sites-and-pages/?per_page=30&page=4&page-builder=gutenberg
[16-Apr-2024 04:47:18 UTC] SITE: Storing in file ast-block-templates-sites-4
[16-Apr-2024 04:47:18 UTC] File: ast-block-templates-sites-4.json Updated Successfully!
[16-Apr-2024 04:47:18 UTC] SITE: Completed request 4
[16-Apr-2024 04:47:18 UTC] SITE: Importing request 5 ..
[16-Apr-2024 04:47:18 UTC] SITE: https://websitedemos.net/wp-json/astra-sites/v1/sites-and-pages/?per_page=30&page=5&page-builder=gutenberg
[16-Apr-2024 04:47:18 UTC] SITE: Storing in file ast-block-templates-sites-5
[16-Apr-2024 04:47:18 UTC] File: ast-block-templates-sites-5.json Updated Successfully!
[16-Apr-2024 04:47:18 UTC] SITE: Completed request 5
[16-Apr-2024 04:47:18 UTC] SITE: Importing request 6 ..
[16-Apr-2024 04:47:18 UTC] SITE: https://websitedemos.net/wp-json/astra-sites/v1/sites-and-pages/?per_page=30&page=6&page-builder=gutenberg
[16-Apr-2024 04:47:19 UTC] SITE: Storing in file ast-block-templates-sites-6
[16-Apr-2024 04:47:19 UTC] File: ast-block-templates-sites-6.json Updated Successfully!
[16-Apr-2024 04:47:19 UTC] SITE: Completed request 6
[16-Apr-2024 04:47:19 UTC] SITE: Importing request 7 ..
[16-Apr-2024 04:47:19 UTC] SITE: https://websitedemos.net/wp-json/astra-sites/v1/sites-and-pages/?per_page=30&page=7&page-builder=gutenberg
[16-Apr-2024 04:47:19 UTC] SITE: Storing in file ast-block-templates-sites-7
[16-Apr-2024 04:47:19 UTC] File: ast-block-templates-sites-7.json Updated Successfully!
[16-Apr-2024 04:47:19 UTC] SITE: Completed request 7
[16-Apr-2024 04:47:19 UTC] SITE: Importing request 8 ..
[16-Apr-2024 04:47:19 UTC] SITE: https://websitedemos.net/wp-json/astra-sites/v1/sites-and-pages/?per_page=30&page=8&page-builder=gutenberg
[16-Apr-2024 04:47:20 UTC] SITE: Storing in file ast-block-templates-sites-8
[16-Apr-2024 04:47:20 UTC] File: ast-block-templates-sites-8.json Not Updated!
[16-Apr-2024 04:47:20 UTC] SITE: Completed request 8
[16-Apr-2024 04:47:20 UTC] SITE: Importing request 9 ..
[16-Apr-2024 04:47:20 UTC] SITE: https://websitedemos.net/wp-json/astra-sites/v1/sites-and-pages/?per_page=30&page=9&page-builder=gutenberg
[16-Apr-2024 04:47:20 UTC] SITE: Storing in file ast-block-templates-sites-9
[16-Apr-2024 04:47:20 UTC] File: ast-block-templates-sites-9.json Not Updated!
[16-Apr-2024 04:47:20 UTC] SITE: Completed request 9
[16-Apr-2024 04:47:20 UTC] SITE: Importing request 10 ..
[16-Apr-2024 04:47:20 UTC] SITE: https://websitedemos.net/wp-json/astra-sites/v1/sites-and-pages/?per_page=30&page=10&page-builder=gutenberg
[16-Apr-2024 04:47:21 UTC] SITE: Storing in file ast-block-templates-sites-10
[16-Apr-2024 04:47:21 UTC] File: ast-block-templates-sites-10.json Not Updated!
[16-Apr-2024 04:47:21 UTC] SITE: Completed request 10
[16-Apr-2024 04:47:21 UTC] SITE: Importing request 11 ..
[16-Apr-2024 04:47:21 UTC] SITE: https://websitedemos.net/wp-json/astra-sites/v1/sites-and-pages/?per_page=30&page=11&page-builder=gutenberg
[16-Apr-2024 04:47:21 UTC] SITE: Storing in file ast-block-templates-sites-11
[16-Apr-2024 04:47:21 UTC] File: ast-block-templates-sites-11.json Not Updated!
[16-Apr-2024 04:47:21 UTC] SITE: Completed request 11
[16-Apr-2024 04:47:21 UTC] Sync process for Gutenberg Blocks is done.
[16-Apr-2024 04:47:21 UTC] File: ast-block-templates-last-export-checksums.json Updated Successfully!
[16-Apr-2024 04:47:21 UTC] BLOCK: Getting Server Custimizer CSS
[16-Apr-2024 04:47:21 UTC] BLOCK: https://websitedemos.net/wp-json/astra-blocks/v2/get-customizer-css
[16-Apr-2024 04:47:22 UTC] File: ast-block-templates-customizer-css.json Updated Successfully!
[16-Apr-2024 04:49:31 UTC] BLOCK: Getting Spectra Common CSS
[16-Apr-2024 05:20:48 UTC] BLOCK: Getting Spectra Common CSS
[16-Apr-2024 05:20:57 UTC] BLOCK: Getting Spectra Common CSS
[16-Apr-2024 05:20:58 UTC] BLOCK: Getting Spectra Common CSS
[16-Apr-2024 05:21:43 UTC] BLOCK: Getting Spectra Common CSS
[16-Apr-2024 05:32:00 UTC] BLOCK: Getting Spectra Common CSS
[16-Apr-2024 05:32:18 UTC] BLOCK: Getting Spectra Common CSS
[16-Apr-2024 06:47:30 UTC] BLOCK: Getting Spectra Common CSS
[16-Apr-2024 06:50:26 UTC] BLOCK: Getting Spectra Common CSS
[16-Apr-2024 06:50:44 UTC] BLOCK: Getting Spectra Common CSS
[16-Apr-2024 06:51:18 UTC] BLOCK: Getting Spectra Common CSS
[16-Apr-2024 06:59:38 UTC] BLOCK: Getting Spectra Common CSS
[16-Apr-2024 07:12:54 UTC] BLOCK: Getting Spectra Common CSS
[16-Apr-2024 07:18:05 UTC] BLOCK: Getting Spectra Common CSS
[16-Apr-2024 07:42:29 UTC] BLOCK: Getting Spectra Common CSS
[16-Apr-2024 07:44:16 UTC] BLOCK: Getting Spectra Common CSS
[16-Apr-2024 07:44:49 UTC] BLOCK: Getting Spectra Common CSS
[16-Apr-2024 07:45:04 UTC] BLOCK: Getting Spectra Common CSS
[16-Apr-2024 07:45:05 UTC] BLOCK: Getting Spectra Common CSS
[16-Apr-2024 07:45:40 UTC] BLOCK: Getting Spectra Common CSS
[16-Apr-2024 07:45:57 UTC] BLOCK: Getting Spectra Common CSS
[16-Apr-2024 07:46:27 UTC] BLOCK: Getting Spectra Common CSS
[16-Apr-2024 07:46:43 UTC] BLOCK: Getting Spectra Common CSS
[16-Apr-2024 07:47:32 UTC] BLOCK: Getting Spectra Common CSS
[16-Apr-2024 07:50:32 UTC] BLOCK: Getting Spectra Common CSS
[16-Apr-2024 07:55:48 UTC] BLOCK: Getting Spectra Common CSS
[16-Apr-2024 07:59:04 UTC] BLOCK: Getting Spectra Common CSS
[16-Apr-2024 14:10:44 UTC] BLOCK: Getting Spectra Common CSS
[16-Apr-2024 14:11:53 UTC] BLOCK: Getting Spectra Common CSS
[16-Apr-2024 14:14:15 UTC] BLOCK: Getting Spectra Common CSS
[16-Apr-2024 14:17:42 UTC] BLOCK: Getting Spectra Common CSS
[16-Apr-2024 14:22:27 UTC] BLOCK: Getting Spectra Common CSS
[16-Apr-2024 14:40:18 UTC] BLOCK: Getting Spectra Common CSS
[16-Apr-2024 14:40:21 UTC] BLOCK: Getting Spectra Common CSS
[17-Apr-2024 03:28:23 UTC] BLOCK: Getting Spectra Common CSS
[17-Apr-2024 03:28:45 UTC] BLOCK: Getting Spectra Common CSS
[17-Apr-2024 03:46:32 UTC] BLOCK: Getting Spectra Common CSS
[17-Apr-2024 03:46:48 UTC] BLOCK: Getting Spectra Common CSS
[17-Apr-2024 04:11:06 UTC] BLOCK: Getting Spectra Common CSS
[17-Apr-2024 04:12:14 UTC] BLOCK: Getting Spectra Common CSS
[17-Apr-2024 06:03:57 UTC] BLOCK: Getting Spectra Common CSS
[17-Apr-2024 06:04:04 UTC] Sync process for Gutenberg Blocks has started.
[17-Apr-2024 06:04:04 UTC] CATEGORY: Storing in ast-block-templates-categories.json
[17-Apr-2024 06:04:04 UTC] File: ast-block-templates-categories.json Updated Successfully!
[17-Apr-2024 06:04:04 UTC] BLOCK: Requests count 7
[17-Apr-2024 06:04:04 UTC] File: ast-block-templates-block-requests.json Updated Successfully!
[17-Apr-2024 06:04:04 UTC] BLOCK: Importing request 1 ..
[17-Apr-2024 06:04:04 UTC] BLOCK: https://websitedemos.net/wp-json/astra-blocks/v2/blocks/?page_builder=gutenberg&per_page=30&page=1&wireframe=yes
[17-Apr-2024 06:04:04 UTC] BLOCK: Storing in file ast-block-templates-blocks-1
[17-Apr-2024 06:04:04 UTC] File: ast-block-templates-blocks-1.json Updated Successfully!
[17-Apr-2024 06:04:04 UTC] BLOCK: Completed request 1
[17-Apr-2024 06:04:04 UTC] BLOCK: Importing request 2 ..
[17-Apr-2024 06:04:04 UTC] BLOCK: https://websitedemos.net/wp-json/astra-blocks/v2/blocks/?page_builder=gutenberg&per_page=30&page=2&wireframe=yes
[17-Apr-2024 06:04:05 UTC] BLOCK: Storing in file ast-block-templates-blocks-2
[17-Apr-2024 06:04:05 UTC] File: ast-block-templates-blocks-2.json Updated Successfully!
[17-Apr-2024 06:04:05 UTC] BLOCK: Completed request 2
[17-Apr-2024 06:04:05 UTC] BLOCK: Importing request 3 ..
[17-Apr-2024 06:04:05 UTC] BLOCK: https://websitedemos.net/wp-json/astra-blocks/v2/blocks/?page_builder=gutenberg&per_page=30&page=3&wireframe=yes
[17-Apr-2024 06:04:06 UTC] BLOCK: Storing in file ast-block-templates-blocks-3
[17-Apr-2024 06:04:06 UTC] File: ast-block-templates-blocks-3.json Updated Successfully!
[17-Apr-2024 06:04:06 UTC] BLOCK: Completed request 3
[17-Apr-2024 06:04:06 UTC] BLOCK: Importing request 4 ..
[17-Apr-2024 06:04:06 UTC] BLOCK: https://websitedemos.net/wp-json/astra-blocks/v2/blocks/?page_builder=gutenberg&per_page=30&page=4&wireframe=yes
[17-Apr-2024 06:04:06 UTC] BLOCK: Storing in file ast-block-templates-blocks-4
[17-Apr-2024 06:04:06 UTC] File: ast-block-templates-blocks-4.json Updated Successfully!
[17-Apr-2024 06:04:06 UTC] BLOCK: Completed request 4
[17-Apr-2024 06:04:06 UTC] BLOCK: Importing request 5 ..
[17-Apr-2024 06:04:06 UTC] BLOCK: https://websitedemos.net/wp-json/astra-blocks/v2/blocks/?page_builder=gutenberg&per_page=30&page=5&wireframe=yes
[17-Apr-2024 06:04:07 UTC] BLOCK: Storing in file ast-block-templates-blocks-5
[17-Apr-2024 06:04:07 UTC] File: ast-block-templates-blocks-5.json Updated Successfully!
[17-Apr-2024 06:04:07 UTC] BLOCK: Completed request 5
[17-Apr-2024 06:04:07 UTC] BLOCK: Importing request 6 ..
[17-Apr-2024 06:04:07 UTC] BLOCK: https://websitedemos.net/wp-json/astra-blocks/v2/blocks/?page_builder=gutenberg&per_page=30&page=6&wireframe=yes
[17-Apr-2024 06:04:07 UTC] BLOCK: Storing in file ast-block-templates-blocks-6
[17-Apr-2024 06:04:07 UTC] File: ast-block-templates-blocks-6.json Updated Successfully!
[17-Apr-2024 06:04:07 UTC] BLOCK: Completed request 6
[17-Apr-2024 06:04:07 UTC] BLOCK: Importing request 7 ..
[17-Apr-2024 06:04:07 UTC] BLOCK: https://websitedemos.net/wp-json/astra-blocks/v2/blocks/?page_builder=gutenberg&per_page=30&page=7&wireframe=yes
[17-Apr-2024 06:04:08 UTC] BLOCK: Storing in file ast-block-templates-blocks-7
[17-Apr-2024 06:04:08 UTC] File: ast-block-templates-blocks-7.json Updated Successfully!
[17-Apr-2024 06:04:08 UTC] BLOCK: Completed request 7
[17-Apr-2024 06:04:08 UTC] SITE: Getting Total Sites
[17-Apr-2024 06:04:08 UTC] SITE: https://websitedemos.net/wp-json/astra-sites/v1/get-total-pages/?page_builder=gutenberg&per_page=30
[17-Apr-2024 06:04:08 UTC] SITE: Request count 11
[17-Apr-2024 06:04:08 UTC] File: ast-block-templates-site-requests.json Updated Successfully!
[17-Apr-2024 06:04:08 UTC] SITE: Importing request 1 ..
[17-Apr-2024 06:04:08 UTC] SITE: https://websitedemos.net/wp-json/astra-sites/v1/sites-and-pages/?per_page=30&page=1&page-builder=gutenberg
[17-Apr-2024 06:04:08 UTC] SITE: Storing in file ast-block-templates-sites-1
[17-Apr-2024 06:04:08 UTC] File: ast-block-templates-sites-1.json Updated Successfully!
[17-Apr-2024 06:04:08 UTC] SITE: Completed request 1
[17-Apr-2024 06:04:08 UTC] SITE: Importing request 2 ..
[17-Apr-2024 06:04:08 UTC] SITE: https://websitedemos.net/wp-json/astra-sites/v1/sites-and-pages/?per_page=30&page=2&page-builder=gutenberg
[17-Apr-2024 06:04:09 UTC] SITE: Storing in file ast-block-templates-sites-2
[17-Apr-2024 06:04:09 UTC] File: ast-block-templates-sites-2.json Updated Successfully!
[17-Apr-2024 06:04:09 UTC] SITE: Completed request 2
[17-Apr-2024 06:04:09 UTC] SITE: Importing request 3 ..
[17-Apr-2024 06:04:09 UTC] SITE: https://websitedemos.net/wp-json/astra-sites/v1/sites-and-pages/?per_page=30&page=3&page-builder=gutenberg
[17-Apr-2024 06:04:09 UTC] SITE: Storing in file ast-block-templates-sites-3
[17-Apr-2024 06:04:09 UTC] File: ast-block-templates-sites-3.json Updated Successfully!
[17-Apr-2024 06:04:09 UTC] SITE: Completed request 3
[17-Apr-2024 06:04:09 UTC] SITE: Importing request 4 ..
[17-Apr-2024 06:04:09 UTC] SITE: https://websitedemos.net/wp-json/astra-sites/v1/sites-and-pages/?per_page=30&page=4&page-builder=gutenberg
[17-Apr-2024 06:04:10 UTC] SITE: Storing in file ast-block-templates-sites-4
[17-Apr-2024 06:04:10 UTC] File: ast-block-templates-sites-4.json Updated Successfully!
[17-Apr-2024 06:04:10 UTC] SITE: Completed request 4
[17-Apr-2024 06:04:10 UTC] SITE: Importing request 5 ..
[17-Apr-2024 06:04:10 UTC] SITE: https://websitedemos.net/wp-json/astra-sites/v1/sites-and-pages/?per_page=30&page=5&page-builder=gutenberg
[17-Apr-2024 06:04:10 UTC] SITE: Storing in file ast-block-templates-sites-5
[17-Apr-2024 06:04:10 UTC] File: ast-block-templates-sites-5.json Updated Successfully!
[17-Apr-2024 06:04:10 UTC] SITE: Completed request 5
[17-Apr-2024 06:04:10 UTC] SITE: Importing request 6 ..
[17-Apr-2024 06:04:10 UTC] SITE: https://websitedemos.net/wp-json/astra-sites/v1/sites-and-pages/?per_page=30&page=6&page-builder=gutenberg
[17-Apr-2024 06:04:11 UTC] SITE: Storing in file ast-block-templates-sites-6
[17-Apr-2024 06:04:11 UTC] File: ast-block-templates-sites-6.json Updated Successfully!
[17-Apr-2024 06:04:11 UTC] SITE: Completed request 6
[17-Apr-2024 06:04:11 UTC] SITE: Importing request 7 ..
[17-Apr-2024 06:04:11 UTC] SITE: https://websitedemos.net/wp-json/astra-sites/v1/sites-and-pages/?per_page=30&page=7&page-builder=gutenberg
[17-Apr-2024 06:04:11 UTC] SITE: Storing in file ast-block-templates-sites-7
[17-Apr-2024 06:04:11 UTC] File: ast-block-templates-sites-7.json Updated Successfully!
[17-Apr-2024 06:04:11 UTC] SITE: Completed request 7
[17-Apr-2024 06:04:11 UTC] SITE: Importing request 8 ..
[17-Apr-2024 06:04:11 UTC] SITE: https://websitedemos.net/wp-json/astra-sites/v1/sites-and-pages/?per_page=30&page=8&page-builder=gutenberg
[17-Apr-2024 06:04:12 UTC] SITE: Storing in file ast-block-templates-sites-8
[17-Apr-2024 06:04:12 UTC] File: ast-block-templates-sites-8.json Not Updated!
[17-Apr-2024 06:04:12 UTC] SITE: Completed request 8
[17-Apr-2024 06:04:12 UTC] SITE: Importing request 9 ..
[17-Apr-2024 06:04:12 UTC] SITE: https://websitedemos.net/wp-json/astra-sites/v1/sites-and-pages/?per_page=30&page=9&page-builder=gutenberg
[17-Apr-2024 06:04:12 UTC] SITE: Storing in file ast-block-templates-sites-9
[17-Apr-2024 06:04:12 UTC] File: ast-block-templates-sites-9.json Not Updated!
[17-Apr-2024 06:04:12 UTC] SITE: Completed request 9
[17-Apr-2024 06:04:12 UTC] SITE: Importing request 10 ..
[17-Apr-2024 06:04:12 UTC] SITE: https://websitedemos.net/wp-json/astra-sites/v1/sites-and-pages/?per_page=30&page=10&page-builder=gutenberg
[17-Apr-2024 06:04:13 UTC] SITE: Storing in file ast-block-templates-sites-10
[17-Apr-2024 06:04:13 UTC] File: ast-block-templates-sites-10.json Not Updated!
[17-Apr-2024 06:04:13 UTC] SITE: Completed request 10
[17-Apr-2024 06:04:13 UTC] SITE: Importing request 11 ..
[17-Apr-2024 06:04:13 UTC] SITE: https://websitedemos.net/wp-json/astra-sites/v1/sites-and-pages/?per_page=30&page=11&page-builder=gutenberg
[17-Apr-2024 06:04:13 UTC] SITE: Storing in file ast-block-templates-sites-11
[17-Apr-2024 06:04:13 UTC] File: ast-block-templates-sites-11.json Not Updated!
[17-Apr-2024 06:04:13 UTC] SITE: Completed request 11
[17-Apr-2024 06:04:13 UTC] Sync process for Gutenberg Blocks is done.
[17-Apr-2024 06:04:13 UTC] File: ast-block-templates-last-export-checksums.json Updated Successfully!
[17-Apr-2024 06:04:13 UTC] BLOCK: Getting Server Custimizer CSS
[17-Apr-2024 06:04:13 UTC] BLOCK: https://websitedemos.net/wp-json/astra-blocks/v2/get-customizer-css
[17-Apr-2024 06:04:14 UTC] File: ast-block-templates-customizer-css.json Updated Successfully!
[17-Apr-2024 06:05:37 UTC] BLOCK: Getting Spectra Common CSS
[17-Apr-2024 06:07:01 UTC] BLOCK: Getting Spectra Common CSS
[17-Apr-2024 06:34:07 UTC] BLOCK: Getting Spectra Common CSS
[17-Apr-2024 06:35:24 UTC] BLOCK: Getting Spectra Common CSS
[17-Apr-2024 06:35:25 UTC] BLOCK: Getting Spectra Common CSS
[17-Apr-2024 06:35:56 UTC] BLOCK: Getting Spectra Common CSS
[17-Apr-2024 06:38:39 UTC] BLOCK: Getting Spectra Common CSS
[17-Apr-2024 06:54:12 UTC] BLOCK: Getting Spectra Common CSS
[17-Apr-2024 07:16:29 UTC] BLOCK: Getting Spectra Common CSS
[17-Apr-2024 07:19:43 UTC] BLOCK: Getting Spectra Common CSS
[17-Apr-2024 07:33:19 UTC] BLOCK: Getting Spectra Common CSS
[17-Apr-2024 07:38:18 UTC] BLOCK: Getting Spectra Common CSS
[17-Apr-2024 07:40:47 UTC] BLOCK: Getting Spectra Common CSS
[17-Apr-2024 07:44:37 UTC] BLOCK: Getting Spectra Common CSS
[17-Apr-2024 07:46:27 UTC] BLOCK: Getting Spectra Common CSS
[17-Apr-2024 07:46:27 UTC] BLOCK: Getting Spectra Common CSS
[17-Apr-2024 07:47:09 UTC] BLOCK: Getting Spectra Common CSS
[17-Apr-2024 07:49:48 UTC] BLOCK: Getting Spectra Common CSS
[17-Apr-2024 07:50:13 UTC] BLOCK: Getting Spectra Common CSS
[17-Apr-2024 07:51:40 UTC] BLOCK: Getting Spectra Common CSS
[17-Apr-2024 07:55:31 UTC] BLOCK: Getting Spectra Common CSS
[17-Apr-2024 07:55:57 UTC] BLOCK: Getting Spectra Common CSS
[17-Apr-2024 07:56:34 UTC] BLOCK: Getting Spectra Common CSS
[17-Apr-2024 07:57:19 UTC] BLOCK: Getting Spectra Common CSS
[17-Apr-2024 08:09:29 UTC] BLOCK: Getting Spectra Common CSS
[17-Apr-2024 08:09:37 UTC] BLOCK: Getting Spectra Common CSS
[17-Apr-2024 08:10:05 UTC] BLOCK: Getting Spectra Common CSS
[17-Apr-2024 08:10:14 UTC] BLOCK: Getting Spectra Common CSS
[17-Apr-2024 08:10:25 UTC] BLOCK: Getting Spectra Common CSS
[17-Apr-2024 08:10:33 UTC] BLOCK: Getting Spectra Common CSS
[17-Apr-2024 08:10:43 UTC] BLOCK: Getting Spectra Common CSS
[17-Apr-2024 08:10:50 UTC] BLOCK: Getting Spectra Common CSS
[19-Apr-2024 04:13:11 UTC] BLOCK: Getting Spectra Common CSS
[19-Apr-2024 04:13:22 UTC] Sync process for Gutenberg Blocks has started.
[19-Apr-2024 04:13:22 UTC] CATEGORY: Storing in ast-block-templates-categories.json
[19-Apr-2024 04:13:22 UTC] File: ast-block-templates-categories.json Updated Successfully!
[19-Apr-2024 04:13:22 UTC] BLOCK: Requests count 7
[19-Apr-2024 04:13:22 UTC] File: ast-block-templates-block-requests.json Updated Successfully!
[19-Apr-2024 04:13:22 UTC] BLOCK: Importing request 1 ..
[19-Apr-2024 04:13:22 UTC] BLOCK: https://websitedemos.net/wp-json/astra-blocks/v2/blocks/?page_builder=gutenberg&per_page=30&page=1&wireframe=yes
[19-Apr-2024 04:13:23 UTC] BLOCK: Storing in file ast-block-templates-blocks-1
[19-Apr-2024 04:13:23 UTC] File: ast-block-templates-blocks-1.json Updated Successfully!
[19-Apr-2024 04:13:23 UTC] BLOCK: Completed request 1
[19-Apr-2024 04:13:23 UTC] BLOCK: Importing request 2 ..
[19-Apr-2024 04:13:23 UTC] BLOCK: https://websitedemos.net/wp-json/astra-blocks/v2/blocks/?page_builder=gutenberg&per_page=30&page=2&wireframe=yes
[19-Apr-2024 04:13:24 UTC] BLOCK: Storing in file ast-block-templates-blocks-2
[19-Apr-2024 04:13:24 UTC] File: ast-block-templates-blocks-2.json Updated Successfully!
[19-Apr-2024 04:13:24 UTC] BLOCK: Completed request 2
[19-Apr-2024 04:13:24 UTC] BLOCK: Importing request 3 ..
[19-Apr-2024 04:13:24 UTC] BLOCK: https://websitedemos.net/wp-json/astra-blocks/v2/blocks/?page_builder=gutenberg&per_page=30&page=3&wireframe=yes
[19-Apr-2024 04:13:25 UTC] BLOCK: Storing in file ast-block-templates-blocks-3
[19-Apr-2024 04:13:25 UTC] File: ast-block-templates-blocks-3.json Updated Successfully!
[19-Apr-2024 04:13:25 UTC] BLOCK: Completed request 3
[19-Apr-2024 04:13:25 UTC] BLOCK: Importing request 4 ..
[19-Apr-2024 04:13:25 UTC] BLOCK: https://websitedemos.net/wp-json/astra-blocks/v2/blocks/?page_builder=gutenberg&per_page=30&page=4&wireframe=yes
[19-Apr-2024 04:13:25 UTC] BLOCK: Storing in file ast-block-templates-blocks-4
[19-Apr-2024 04:13:25 UTC] File: ast-block-templates-blocks-4.json Updated Successfully!
[19-Apr-2024 04:13:25 UTC] BLOCK: Completed request 4
[19-Apr-2024 04:13:25 UTC] BLOCK: Importing request 5 ..
[19-Apr-2024 04:13:25 UTC] BLOCK: https://websitedemos.net/wp-json/astra-blocks/v2/blocks/?page_builder=gutenberg&per_page=30&page=5&wireframe=yes
[19-Apr-2024 04:13:26 UTC] BLOCK: Storing in file ast-block-templates-blocks-5
[19-Apr-2024 04:13:26 UTC] File: ast-block-templates-blocks-5.json Updated Successfully!
[19-Apr-2024 04:13:26 UTC] BLOCK: Completed request 5
[19-Apr-2024 04:13:26 UTC] BLOCK: Importing request 6 ..
[19-Apr-2024 04:13:26 UTC] BLOCK: https://websitedemos.net/wp-json/astra-blocks/v2/blocks/?page_builder=gutenberg&per_page=30&page=6&wireframe=yes
[19-Apr-2024 04:13:26 UTC] BLOCK: Storing in file ast-block-templates-blocks-6
[19-Apr-2024 04:13:26 UTC] File: ast-block-templates-blocks-6.json Updated Successfully!
[19-Apr-2024 04:13:26 UTC] BLOCK: Completed request 6
[19-Apr-2024 04:13:26 UTC] BLOCK: Importing request 7 ..
[19-Apr-2024 04:13:26 UTC] BLOCK: https://websitedemos.net/wp-json/astra-blocks/v2/blocks/?page_builder=gutenberg&per_page=30&page=7&wireframe=yes
[19-Apr-2024 04:13:27 UTC] BLOCK: Storing in file ast-block-templates-blocks-7
[19-Apr-2024 04:13:27 UTC] File: ast-block-templates-blocks-7.json Updated Successfully!
[19-Apr-2024 04:13:27 UTC] BLOCK: Completed request 7
[19-Apr-2024 04:13:27 UTC] SITE: Getting Total Sites
[19-Apr-2024 04:13:27 UTC] SITE: https://websitedemos.net/wp-json/astra-sites/v1/get-total-pages/?page_builder=gutenberg&per_page=30
[19-Apr-2024 04:13:27 UTC] SITE: Request count 11
[19-Apr-2024 04:13:27 UTC] File: ast-block-templates-site-requests.json Updated Successfully!
[19-Apr-2024 04:13:27 UTC] SITE: Importing request 1 ..
[19-Apr-2024 04:13:27 UTC] SITE: https://websitedemos.net/wp-json/astra-sites/v1/sites-and-pages/?per_page=30&page=1&page-builder=gutenberg
[19-Apr-2024 04:13:28 UTC] SITE: Storing in file ast-block-templates-sites-1
[19-Apr-2024 04:13:28 UTC] File: ast-block-templates-sites-1.json Updated Successfully!
[19-Apr-2024 04:13:28 UTC] SITE: Completed request 1
[19-Apr-2024 04:13:28 UTC] SITE: Importing request 2 ..
[19-Apr-2024 04:13:28 UTC] SITE: https://websitedemos.net/wp-json/astra-sites/v1/sites-and-pages/?per_page=30&page=2&page-builder=gutenberg
[19-Apr-2024 04:13:28 UTC] SITE: Storing in file ast-block-templates-sites-2
[19-Apr-2024 04:13:28 UTC] File: ast-block-templates-sites-2.json Updated Successfully!
[19-Apr-2024 04:13:28 UTC] SITE: Completed request 2
[19-Apr-2024 04:13:28 UTC] SITE: Importing request 3 ..
[19-Apr-2024 04:13:28 UTC] SITE: https://websitedemos.net/wp-json/astra-sites/v1/sites-and-pages/?per_page=30&page=3&page-builder=gutenberg
[19-Apr-2024 04:13:29 UTC] SITE: Storing in file ast-block-templates-sites-3
[19-Apr-2024 04:13:29 UTC] File: ast-block-templates-sites-3.json Updated Successfully!
[19-Apr-2024 04:13:29 UTC] SITE: Completed request 3
[19-Apr-2024 04:13:29 UTC] SITE: Importing request 4 ..
[19-Apr-2024 04:13:29 UTC] SITE: https://websitedemos.net/wp-json/astra-sites/v1/sites-and-pages/?per_page=30&page=4&page-builder=gutenberg
[19-Apr-2024 04:13:29 UTC] SITE: Storing in file ast-block-templates-sites-4
[19-Apr-2024 04:13:29 UTC] File: ast-block-templates-sites-4.json Updated Successfully!
[19-Apr-2024 04:13:29 UTC] SITE: Completed request 4
[19-Apr-2024 04:13:29 UTC] SITE: Importing request 5 ..
[19-Apr-2024 04:13:29 UTC] SITE: https://websitedemos.net/wp-json/astra-sites/v1/sites-and-pages/?per_page=30&page=5&page-builder=gutenberg
[19-Apr-2024 04:13:30 UTC] SITE: Storing in file ast-block-templates-sites-5
[19-Apr-2024 04:13:30 UTC] File: ast-block-templates-sites-5.json Updated Successfully!
[19-Apr-2024 04:13:30 UTC] SITE: Completed request 5
[19-Apr-2024 04:13:30 UTC] SITE: Importing request 6 ..
[19-Apr-2024 04:13:30 UTC] SITE: https://websitedemos.net/wp-json/astra-sites/v1/sites-and-pages/?per_page=30&page=6&page-builder=gutenberg
[19-Apr-2024 04:13:31 UTC] SITE: Storing in file ast-block-templates-sites-6
[19-Apr-2024 04:13:31 UTC] File: ast-block-templates-sites-6.json Updated Successfully!
[19-Apr-2024 04:13:31 UTC] SITE: Completed request 6
[19-Apr-2024 04:13:31 UTC] SITE: Importing request 7 ..
[19-Apr-2024 04:13:31 UTC] SITE: https://websitedemos.net/wp-json/astra-sites/v1/sites-and-pages/?per_page=30&page=7&page-builder=gutenberg
[19-Apr-2024 04:13:31 UTC] SITE: Storing in file ast-block-templates-sites-7
[19-Apr-2024 04:13:31 UTC] File: ast-block-templates-sites-7.json Updated Successfully!
[19-Apr-2024 04:13:31 UTC] SITE: Completed request 7
[19-Apr-2024 04:13:31 UTC] SITE: Importing request 8 ..
[19-Apr-2024 04:13:31 UTC] SITE: https://websitedemos.net/wp-json/astra-sites/v1/sites-and-pages/?per_page=30&page=8&page-builder=gutenberg
[19-Apr-2024 04:13:32 UTC] SITE: Storing in file ast-block-templates-sites-8
[19-Apr-2024 04:13:32 UTC] File: ast-block-templates-sites-8.json Not Updated!
[19-Apr-2024 04:13:32 UTC] SITE: Completed request 8
[19-Apr-2024 04:13:32 UTC] SITE: Importing request 9 ..
[19-Apr-2024 04:13:32 UTC] SITE: https://websitedemos.net/wp-json/astra-sites/v1/sites-and-pages/?per_page=30&page=9&page-builder=gutenberg
[19-Apr-2024 04:13:32 UTC] SITE: Storing in file ast-block-templates-sites-9
[19-Apr-2024 04:13:32 UTC] File: ast-block-templates-sites-9.json Not Updated!
[19-Apr-2024 04:13:32 UTC] SITE: Completed request 9
[19-Apr-2024 04:13:32 UTC] SITE: Importing request 10 ..
[19-Apr-2024 04:13:32 UTC] SITE: https://websitedemos.net/wp-json/astra-sites/v1/sites-and-pages/?per_page=30&page=10&page-builder=gutenberg
[19-Apr-2024 04:13:33 UTC] SITE: Storing in file ast-block-templates-sites-10
[19-Apr-2024 04:13:33 UTC] File: ast-block-templates-sites-10.json Not Updated!
[19-Apr-2024 04:13:33 UTC] SITE: Completed request 10
[19-Apr-2024 04:13:33 UTC] SITE: Importing request 11 ..
[19-Apr-2024 04:13:33 UTC] SITE: https://websitedemos.net/wp-json/astra-sites/v1/sites-and-pages/?per_page=30&page=11&page-builder=gutenberg
[19-Apr-2024 04:13:33 UTC] SITE: Storing in file ast-block-templates-sites-11
[19-Apr-2024 04:13:33 UTC] File: ast-block-templates-sites-11.json Not Updated!
[19-Apr-2024 04:13:33 UTC] SITE: Completed request 11
[19-Apr-2024 04:13:33 UTC] Sync process for Gutenberg Blocks is done.
[19-Apr-2024 04:13:33 UTC] File: ast-block-templates-last-export-checksums.json Updated Successfully!
[19-Apr-2024 04:13:33 UTC] BLOCK: Getting Server Custimizer CSS
[19-Apr-2024 04:13:33 UTC] BLOCK: https://websitedemos.net/wp-json/astra-blocks/v2/get-customizer-css
[19-Apr-2024 04:13:34 UTC] File: ast-block-templates-customizer-css.json Updated Successfully!
[19-Apr-2024 04:16:45 UTC] BLOCK: Getting Spectra Common CSS
[19-Apr-2024 05:07:01 UTC] BLOCK: Getting Spectra Common CSS
[19-Apr-2024 05:12:35 UTC] BLOCK: Getting Spectra Common CSS
[19-Apr-2024 05:14:13 UTC] BLOCK: Getting Spectra Common CSS
[19-Apr-2024 05:14:20 UTC] BLOCK: Getting Spectra Common CSS
[19-Apr-2024 05:14:21 UTC] BLOCK: Getting Spectra Common CSS
[19-Apr-2024 05:17:49 UTC] BLOCK: Getting Spectra Common CSS
[19-Apr-2024 07:10:33 UTC] BLOCK: Getting Spectra Common CSS
[19-Apr-2024 07:30:45 UTC] BLOCK: Getting Spectra Common CSS
[19-Apr-2024 07:44:52 UTC] BLOCK: Getting Spectra Common CSS
[19-Apr-2024 07:45:59 UTC] BLOCK: Getting Spectra Common CSS
[19-Apr-2024 07:46:00 UTC] BLOCK: Getting Spectra Common CSS
[19-Apr-2024 07:57:56 UTC] BLOCK: Getting Spectra Common CSS
[22-Apr-2024 04:48:48 UTC] BLOCK: Getting Spectra Common CSS
[22-Apr-2024 04:48:53 UTC] Sync process for Gutenberg Blocks has started.
[22-Apr-2024 04:48:53 UTC] CATEGORY: Storing in ast-block-templates-categories.json
[22-Apr-2024 04:48:53 UTC] File: ast-block-templates-categories.json Updated Successfully!
[22-Apr-2024 04:48:53 UTC] BLOCK: Requests count 7
[22-Apr-2024 04:48:53 UTC] File: ast-block-templates-block-requests.json Updated Successfully!
[22-Apr-2024 04:48:53 UTC] BLOCK: Importing request 1 ..
[22-Apr-2024 04:48:53 UTC] BLOCK: https://websitedemos.net/wp-json/astra-blocks/v2/blocks/?page_builder=gutenberg&per_page=30&page=1&wireframe=yes
[22-Apr-2024 04:48:53 UTC] BLOCK: Storing in file ast-block-templates-blocks-1
[22-Apr-2024 04:48:53 UTC] File: ast-block-templates-blocks-1.json Updated Successfully!
[22-Apr-2024 04:48:53 UTC] BLOCK: Completed request 1
[22-Apr-2024 04:48:53 UTC] BLOCK: Importing request 2 ..
[22-Apr-2024 04:48:53 UTC] BLOCK: https://websitedemos.net/wp-json/astra-blocks/v2/blocks/?page_builder=gutenberg&per_page=30&page=2&wireframe=yes
[22-Apr-2024 04:48:54 UTC] BLOCK: Storing in file ast-block-templates-blocks-2
[22-Apr-2024 04:48:54 UTC] File: ast-block-templates-blocks-2.json Updated Successfully!
[22-Apr-2024 04:48:54 UTC] BLOCK: Completed request 2
[22-Apr-2024 04:48:54 UTC] BLOCK: Importing request 3 ..
[22-Apr-2024 04:48:54 UTC] BLOCK: https://websitedemos.net/wp-json/astra-blocks/v2/blocks/?page_builder=gutenberg&per_page=30&page=3&wireframe=yes
[22-Apr-2024 04:48:55 UTC] BLOCK: Storing in file ast-block-templates-blocks-3
[22-Apr-2024 04:48:55 UTC] File: ast-block-templates-blocks-3.json Updated Successfully!
[22-Apr-2024 04:48:55 UTC] BLOCK: Completed request 3
[22-Apr-2024 04:48:55 UTC] BLOCK: Importing request 4 ..
[22-Apr-2024 04:48:55 UTC] BLOCK: https://websitedemos.net/wp-json/astra-blocks/v2/blocks/?page_builder=gutenberg&per_page=30&page=4&wireframe=yes
[22-Apr-2024 04:48:55 UTC] BLOCK: Storing in file ast-block-templates-blocks-4
[22-Apr-2024 04:48:55 UTC] File: ast-block-templates-blocks-4.json Updated Successfully!
[22-Apr-2024 04:48:55 UTC] BLOCK: Completed request 4
[22-Apr-2024 04:48:55 UTC] BLOCK: Importing request 5 ..
[22-Apr-2024 04:48:55 UTC] BLOCK: https://websitedemos.net/wp-json/astra-blocks/v2/blocks/?page_builder=gutenberg&per_page=30&page=5&wireframe=yes
[22-Apr-2024 04:48:55 UTC] BLOCK: Storing in file ast-block-templates-blocks-5
[22-Apr-2024 04:48:55 UTC] File: ast-block-templates-blocks-5.json Updated Successfully!
[22-Apr-2024 04:48:55 UTC] BLOCK: Completed request 5
[22-Apr-2024 04:48:55 UTC] BLOCK: Importing request 6 ..
[22-Apr-2024 04:48:55 UTC] BLOCK: https://websitedemos.net/wp-json/astra-blocks/v2/blocks/?page_builder=gutenberg&per_page=30&page=6&wireframe=yes
[22-Apr-2024 04:48:56 UTC] BLOCK: Storing in file ast-block-templates-blocks-6
[22-Apr-2024 04:48:56 UTC] File: ast-block-templates-blocks-6.json Updated Successfully!
[22-Apr-2024 04:48:56 UTC] BLOCK: Completed request 6
[22-Apr-2024 04:48:56 UTC] BLOCK: Importing request 7 ..
[22-Apr-2024 04:48:56 UTC] BLOCK: https://websitedemos.net/wp-json/astra-blocks/v2/blocks/?page_builder=gutenberg&per_page=30&page=7&wireframe=yes
[22-Apr-2024 04:48:56 UTC] BLOCK: Storing in file ast-block-templates-blocks-7
[22-Apr-2024 04:48:56 UTC] File: ast-block-templates-blocks-7.json Updated Successfully!
[22-Apr-2024 04:48:56 UTC] BLOCK: Completed request 7
[22-Apr-2024 04:48:56 UTC] SITE: Getting Total Sites
[22-Apr-2024 04:48:56 UTC] SITE: https://websitedemos.net/wp-json/astra-sites/v1/get-total-pages/?page_builder=gutenberg&per_page=30
[22-Apr-2024 04:48:57 UTC] SITE: Request count 11
[22-Apr-2024 04:48:57 UTC] File: ast-block-templates-site-requests.json Updated Successfully!
[22-Apr-2024 04:48:57 UTC] SITE: Importing request 1 ..
[22-Apr-2024 04:48:57 UTC] SITE: https://websitedemos.net/wp-json/astra-sites/v1/sites-and-pages/?per_page=30&page=1&page-builder=gutenberg
[22-Apr-2024 04:48:57 UTC] SITE: Storing in file ast-block-templates-sites-1
[22-Apr-2024 04:48:57 UTC] File: ast-block-templates-sites-1.json Updated Successfully!
[22-Apr-2024 04:48:57 UTC] SITE: Completed request 1
[22-Apr-2024 04:48:57 UTC] SITE: Importing request 2 ..
[22-Apr-2024 04:48:57 UTC] SITE: https://websitedemos.net/wp-json/astra-sites/v1/sites-and-pages/?per_page=30&page=2&page-builder=gutenberg
[22-Apr-2024 04:48:57 UTC] SITE: Storing in file ast-block-templates-sites-2
[22-Apr-2024 04:48:57 UTC] File: ast-block-templates-sites-2.json Updated Successfully!
[22-Apr-2024 04:48:57 UTC] SITE: Completed request 2
[22-Apr-2024 04:48:57 UTC] SITE: Importing request 3 ..
[22-Apr-2024 04:48:57 UTC] SITE: https://websitedemos.net/wp-json/astra-sites/v1/sites-and-pages/?per_page=30&page=3&page-builder=gutenberg
[22-Apr-2024 04:48:58 UTC] SITE: Storing in file ast-block-templates-sites-3
[22-Apr-2024 04:48:58 UTC] File: ast-block-templates-sites-3.json Updated Successfully!
[22-Apr-2024 04:48:58 UTC] SITE: Completed request 3
[22-Apr-2024 04:48:58 UTC] SITE: Importing request 4 ..
[22-Apr-2024 04:48:58 UTC] SITE: https://websitedemos.net/wp-json/astra-sites/v1/sites-and-pages/?per_page=30&page=4&page-builder=gutenberg
[22-Apr-2024 04:48:58 UTC] SITE: Storing in file ast-block-templates-sites-4
[22-Apr-2024 04:48:58 UTC] File: ast-block-templates-sites-4.json Updated Successfully!
[22-Apr-2024 04:48:58 UTC] SITE: Completed request 4
[22-Apr-2024 04:48:58 UTC] SITE: Importing request 5 ..
[22-Apr-2024 04:48:58 UTC] SITE: https://websitedemos.net/wp-json/astra-sites/v1/sites-and-pages/?per_page=30&page=5&page-builder=gutenberg
[22-Apr-2024 04:48:59 UTC] SITE: Storing in file ast-block-templates-sites-5
[22-Apr-2024 04:48:59 UTC] File: ast-block-templates-sites-5.json Updated Successfully!
[22-Apr-2024 04:48:59 UTC] SITE: Completed request 5
[22-Apr-2024 04:48:59 UTC] SITE: Importing request 6 ..
[22-Apr-2024 04:48:59 UTC] SITE: https://websitedemos.net/wp-json/astra-sites/v1/sites-and-pages/?per_page=30&page=6&page-builder=gutenberg
[22-Apr-2024 04:48:59 UTC] SITE: Storing in file ast-block-templates-sites-6
[22-Apr-2024 04:48:59 UTC] File: ast-block-templates-sites-6.json Updated Successfully!
[22-Apr-2024 04:48:59 UTC] SITE: Completed request 6
[22-Apr-2024 04:48:59 UTC] SITE: Importing request 7 ..
[22-Apr-2024 04:48:59 UTC] SITE: https://websitedemos.net/wp-json/astra-sites/v1/sites-and-pages/?per_page=30&page=7&page-builder=gutenberg
[22-Apr-2024 04:48:59 UTC] SITE: Storing in file ast-block-templates-sites-7
[22-Apr-2024 04:48:59 UTC] File: ast-block-templates-sites-7.json Updated Successfully!
[22-Apr-2024 04:48:59 UTC] SITE: Completed request 7
[22-Apr-2024 04:48:59 UTC] SITE: Importing request 8 ..
[22-Apr-2024 04:48:59 UTC] SITE: https://websitedemos.net/wp-json/astra-sites/v1/sites-and-pages/?per_page=30&page=8&page-builder=gutenberg
[22-Apr-2024 04:49:00 UTC] SITE: Storing in file ast-block-templates-sites-8
[22-Apr-2024 04:49:00 UTC] File: ast-block-templates-sites-8.json Not Updated!
[22-Apr-2024 04:49:00 UTC] SITE: Completed request 8
[22-Apr-2024 04:49:00 UTC] SITE: Importing request 9 ..
[22-Apr-2024 04:49:00 UTC] SITE: https://websitedemos.net/wp-json/astra-sites/v1/sites-and-pages/?per_page=30&page=9&page-builder=gutenberg
[22-Apr-2024 04:49:00 UTC] SITE: Storing in file ast-block-templates-sites-9
[22-Apr-2024 04:49:00 UTC] File: ast-block-templates-sites-9.json Not Updated!
[22-Apr-2024 04:49:00 UTC] SITE: Completed request 9
[22-Apr-2024 04:49:00 UTC] SITE: Importing request 10 ..
[22-Apr-2024 04:49:00 UTC] SITE: https://websitedemos.net/wp-json/astra-sites/v1/sites-and-pages/?per_page=30&page=10&page-builder=gutenberg
[22-Apr-2024 04:49:00 UTC] SITE: Storing in file ast-block-templates-sites-10
[22-Apr-2024 04:49:00 UTC] File: ast-block-templates-sites-10.json Not Updated!
[22-Apr-2024 04:49:00 UTC] SITE: Completed request 10
[22-Apr-2024 04:49:00 UTC] SITE: Importing request 11 ..
[22-Apr-2024 04:49:00 UTC] SITE: https://websitedemos.net/wp-json/astra-sites/v1/sites-and-pages/?per_page=30&page=11&page-builder=gutenberg
[22-Apr-2024 04:49:01 UTC] SITE: Storing in file ast-block-templates-sites-11
[22-Apr-2024 04:49:01 UTC] File: ast-block-templates-sites-11.json Not Updated!
[22-Apr-2024 04:49:01 UTC] SITE: Completed request 11
[22-Apr-2024 04:49:01 UTC] Sync process for Gutenberg Blocks is done.
[22-Apr-2024 04:49:01 UTC] File: ast-block-templates-last-export-checksums.json Updated Successfully!
[22-Apr-2024 04:49:01 UTC] BLOCK: Getting Server Custimizer CSS
[22-Apr-2024 04:49:01 UTC] BLOCK: https://websitedemos.net/wp-json/astra-blocks/v2/get-customizer-css
[22-Apr-2024 04:49:01 UTC] File: ast-block-templates-customizer-css.json Updated Successfully!
[22-Apr-2024 07:07:04 UTC] BLOCK: Getting Spectra Common CSS
[22-Apr-2024 07:56:05 UTC] BLOCK: Getting Spectra Common CSS
[22-Apr-2024 08:08:19 UTC] BLOCK: Getting Spectra Common CSS
[22-Apr-2024 08:12:16 UTC] BLOCK: Getting Spectra Common CSS
[22-Apr-2024 08:56:30 UTC] BLOCK: Getting Spectra Common CSS
[22-Apr-2024 08:57:05 UTC] BLOCK: Getting Spectra Common CSS
[22-Apr-2024 08:57:39 UTC] BLOCK: Getting Spectra Common CSS
[22-Apr-2024 13:32:43 UTC] BLOCK: Getting Spectra Common CSS
[22-Apr-2024 13:33:50 UTC] BLOCK: Getting Spectra Common CSS
[22-Apr-2024 13:34:22 UTC] BLOCK: Getting Spectra Common CSS
[22-Apr-2024 13:34:32 UTC] BLOCK: Getting Spectra Common CSS
[22-Apr-2024 13:46:54 UTC] BLOCK: Getting Spectra Common CSS
[22-Apr-2024 13:47:35 UTC] BLOCK: Getting Spectra Common CSS
[23-Apr-2024 04:16:30 UTC] BLOCK: Getting Spectra Common CSS
[23-Apr-2024 04:16:50 UTC] BLOCK: Getting Spectra Common CSS
[23-Apr-2024 05:44:16 UTC] BLOCK: Getting Spectra Common CSS
[23-Apr-2024 05:44:21 UTC] Sync process for Gutenberg Blocks has started.
[23-Apr-2024 05:44:21 UTC] CATEGORY: Storing in ast-block-templates-categories.json
[23-Apr-2024 05:44:21 UTC] File: ast-block-templates-categories.json Updated Successfully!
[23-Apr-2024 05:44:21 UTC] BLOCK: Requests count 7
[23-Apr-2024 05:44:21 UTC] File: ast-block-templates-block-requests.json Updated Successfully!
[23-Apr-2024 05:44:21 UTC] BLOCK: Importing request 1 ..
[23-Apr-2024 05:44:21 UTC] BLOCK: https://websitedemos.net/wp-json/astra-blocks/v2/blocks/?page_builder=gutenberg&per_page=30&page=1&wireframe=yes
[23-Apr-2024 05:44:21 UTC] BLOCK: Storing in file ast-block-templates-blocks-1
[23-Apr-2024 05:44:21 UTC] File: ast-block-templates-blocks-1.json Updated Successfully!
[23-Apr-2024 05:44:21 UTC] BLOCK: Completed request 1
[23-Apr-2024 05:44:21 UTC] BLOCK: Importing request 2 ..
[23-Apr-2024 05:44:21 UTC] BLOCK: https://websitedemos.net/wp-json/astra-blocks/v2/blocks/?page_builder=gutenberg&per_page=30&page=2&wireframe=yes
[23-Apr-2024 05:44:22 UTC] BLOCK: Storing in file ast-block-templates-blocks-2
[23-Apr-2024 05:44:22 UTC] File: ast-block-templates-blocks-2.json Updated Successfully!
[23-Apr-2024 05:44:22 UTC] BLOCK: Completed request 2
[23-Apr-2024 05:44:22 UTC] BLOCK: Importing request 3 ..
[23-Apr-2024 05:44:22 UTC] BLOCK: https://websitedemos.net/wp-json/astra-blocks/v2/blocks/?page_builder=gutenberg&per_page=30&page=3&wireframe=yes
[23-Apr-2024 05:44:24 UTC] BLOCK: Storing in file ast-block-templates-blocks-3
[23-Apr-2024 05:44:24 UTC] File: ast-block-templates-blocks-3.json Updated Successfully!
[23-Apr-2024 05:44:24 UTC] BLOCK: Completed request 3
[23-Apr-2024 05:44:24 UTC] BLOCK: Importing request 4 ..
[23-Apr-2024 05:44:24 UTC] BLOCK: https://websitedemos.net/wp-json/astra-blocks/v2/blocks/?page_builder=gutenberg&per_page=30&page=4&wireframe=yes
[23-Apr-2024 05:44:24 UTC] BLOCK: Storing in file ast-block-templates-blocks-4
[23-Apr-2024 05:44:24 UTC] File: ast-block-templates-blocks-4.json Updated Successfully!
[23-Apr-2024 05:44:24 UTC] BLOCK: Completed request 4
[23-Apr-2024 05:44:24 UTC] BLOCK: Importing request 5 ..
[23-Apr-2024 05:44:24 UTC] BLOCK: https://websitedemos.net/wp-json/astra-blocks/v2/blocks/?page_builder=gutenberg&per_page=30&page=5&wireframe=yes
[23-Apr-2024 05:44:25 UTC] BLOCK: Storing in file ast-block-templates-blocks-5
[23-Apr-2024 05:44:25 UTC] File: ast-block-templates-blocks-5.json Updated Successfully!
[23-Apr-2024 05:44:25 UTC] BLOCK: Completed request 5
[23-Apr-2024 05:44:25 UTC] BLOCK: Importing request 6 ..
[23-Apr-2024 05:44:25 UTC] BLOCK: https://websitedemos.net/wp-json/astra-blocks/v2/blocks/?page_builder=gutenberg&per_page=30&page=6&wireframe=yes
[23-Apr-2024 05:44:25 UTC] BLOCK: Storing in file ast-block-templates-blocks-6
[23-Apr-2024 05:44:25 UTC] File: ast-block-templates-blocks-6.json Updated Successfully!
[23-Apr-2024 05:44:25 UTC] BLOCK: Completed request 6
[23-Apr-2024 05:44:25 UTC] BLOCK: Importing request 7 ..
[23-Apr-2024 05:44:25 UTC] BLOCK: https://websitedemos.net/wp-json/astra-blocks/v2/blocks/?page_builder=gutenberg&per_page=30&page=7&wireframe=yes
[23-Apr-2024 05:44:26 UTC] BLOCK: Storing in file ast-block-templates-blocks-7
[23-Apr-2024 05:44:26 UTC] File: ast-block-templates-blocks-7.json Updated Successfully!
[23-Apr-2024 05:44:26 UTC] BLOCK: Completed request 7
[23-Apr-2024 05:44:26 UTC] SITE: Getting Total Sites
[23-Apr-2024 05:44:26 UTC] SITE: https://websitedemos.net/wp-json/astra-sites/v1/get-total-pages/?page_builder=gutenberg&per_page=30
[23-Apr-2024 05:44:26 UTC] SITE: Request count 11
[23-Apr-2024 05:44:26 UTC] File: ast-block-templates-site-requests.json Updated Successfully!
[23-Apr-2024 05:44:26 UTC] SITE: Importing request 1 ..
[23-Apr-2024 05:44:26 UTC] SITE: https://websitedemos.net/wp-json/astra-sites/v1/sites-and-pages/?per_page=30&page=1&page-builder=gutenberg
[23-Apr-2024 05:44:26 UTC] SITE: Storing in file ast-block-templates-sites-1
[23-Apr-2024 05:44:26 UTC] File: ast-block-templates-sites-1.json Updated Successfully!
[23-Apr-2024 05:44:26 UTC] SITE: Completed request 1
[23-Apr-2024 05:44:26 UTC] SITE: Importing request 2 ..
[23-Apr-2024 05:44:26 UTC] SITE: https://websitedemos.net/wp-json/astra-sites/v1/sites-and-pages/?per_page=30&page=2&page-builder=gutenberg
[23-Apr-2024 05:44:27 UTC] SITE: Storing in file ast-block-templates-sites-2
[23-Apr-2024 05:44:27 UTC] File: ast-block-templates-sites-2.json Updated Successfully!
[23-Apr-2024 05:44:27 UTC] SITE: Completed request 2
[23-Apr-2024 05:44:27 UTC] SITE: Importing request 3 ..
[23-Apr-2024 05:44:27 UTC] SITE: https://websitedemos.net/wp-json/astra-sites/v1/sites-and-pages/?per_page=30&page=3&page-builder=gutenberg
[23-Apr-2024 05:44:28 UTC] SITE: Storing in file ast-block-templates-sites-3
[23-Apr-2024 05:44:28 UTC] File: ast-block-templates-sites-3.json Updated Successfully!
[23-Apr-2024 05:44:28 UTC] SITE: Completed request 3
[23-Apr-2024 05:44:28 UTC] SITE: Importing request 4 ..
[23-Apr-2024 05:44:28 UTC] SITE: https://websitedemos.net/wp-json/astra-sites/v1/sites-and-pages/?per_page=30&page=4&page-builder=gutenberg
[23-Apr-2024 05:44:28 UTC] SITE: Storing in file ast-block-templates-sites-4
[23-Apr-2024 05:44:28 UTC] File: ast-block-templates-sites-4.json Updated Successfully!
[23-Apr-2024 05:44:28 UTC] SITE: Completed request 4
[23-Apr-2024 05:44:28 UTC] SITE: Importing request 5 ..
[23-Apr-2024 05:44:28 UTC] SITE: https://websitedemos.net/wp-json/astra-sites/v1/sites-and-pages/?per_page=30&page=5&page-builder=gutenberg
[23-Apr-2024 05:44:28 UTC] SITE: Storing in file ast-block-templates-sites-5
[23-Apr-2024 05:44:28 UTC] File: ast-block-templates-sites-5.json Updated Successfully!
[23-Apr-2024 05:44:28 UTC] SITE: Completed request 5
[23-Apr-2024 05:44:28 UTC] SITE: Importing request 6 ..
[23-Apr-2024 05:44:28 UTC] SITE: https://websitedemos.net/wp-json/astra-sites/v1/sites-and-pages/?per_page=30&page=6&page-builder=gutenberg
[23-Apr-2024 05:44:29 UTC] SITE: Storing in file ast-block-templates-sites-6
[23-Apr-2024 05:44:29 UTC] File: ast-block-templates-sites-6.json Updated Successfully!
[23-Apr-2024 05:44:29 UTC] SITE: Completed request 6
[23-Apr-2024 05:44:29 UTC] SITE: Importing request 7 ..
[23-Apr-2024 05:44:29 UTC] SITE: https://websitedemos.net/wp-json/astra-sites/v1/sites-and-pages/?per_page=30&page=7&page-builder=gutenberg
[23-Apr-2024 05:44:30 UTC] SITE: Storing in file ast-block-templates-sites-7
[23-Apr-2024 05:44:30 UTC] File: ast-block-templates-sites-7.json Updated Successfully!
[23-Apr-2024 05:44:30 UTC] SITE: Completed request 7
[23-Apr-2024 05:44:30 UTC] SITE: Importing request 8 ..
[23-Apr-2024 05:44:30 UTC] SITE: https://websitedemos.net/wp-json/astra-sites/v1/sites-and-pages/?per_page=30&page=8&page-builder=gutenberg
[23-Apr-2024 05:44:31 UTC] SITE: Storing in file ast-block-templates-sites-8
[23-Apr-2024 05:44:31 UTC] File: ast-block-templates-sites-8.json Not Updated!
[23-Apr-2024 05:44:31 UTC] SITE: Completed request 8
[23-Apr-2024 05:44:31 UTC] SITE: Importing request 9 ..
[23-Apr-2024 05:44:31 UTC] SITE: https://websitedemos.net/wp-json/astra-sites/v1/sites-and-pages/?per_page=30&page=9&page-builder=gutenberg
[23-Apr-2024 05:44:31 UTC] SITE: Storing in file ast-block-templates-sites-9
[23-Apr-2024 05:44:31 UTC] File: ast-block-templates-sites-9.json Not Updated!
[23-Apr-2024 05:44:31 UTC] SITE: Completed request 9
[23-Apr-2024 05:44:31 UTC] SITE: Importing request 10 ..
[23-Apr-2024 05:44:31 UTC] SITE: https://websitedemos.net/wp-json/astra-sites/v1/sites-and-pages/?per_page=30&page=10&page-builder=gutenberg
[23-Apr-2024 05:44:32 UTC] SITE: Storing in file ast-block-templates-sites-10
[23-Apr-2024 05:44:32 UTC] File: ast-block-templates-sites-10.json Not Updated!
[23-Apr-2024 05:44:32 UTC] SITE: Completed request 10
[23-Apr-2024 05:44:32 UTC] SITE: Importing request 11 ..
[23-Apr-2024 05:44:32 UTC] SITE: https://websitedemos.net/wp-json/astra-sites/v1/sites-and-pages/?per_page=30&page=11&page-builder=gutenberg
[23-Apr-2024 05:44:32 UTC] SITE: Storing in file ast-block-templates-sites-11
[23-Apr-2024 05:44:32 UTC] File: ast-block-templates-sites-11.json Not Updated!
[23-Apr-2024 05:44:32 UTC] SITE: Completed request 11
[23-Apr-2024 05:44:32 UTC] Sync process for Gutenberg Blocks is done.
[23-Apr-2024 05:44:32 UTC] File: ast-block-templates-last-export-checksums.json Updated Successfully!
[23-Apr-2024 05:44:32 UTC] BLOCK: Getting Server Custimizer CSS
[23-Apr-2024 05:44:32 UTC] BLOCK: https://websitedemos.net/wp-json/astra-blocks/v2/get-customizer-css
[23-Apr-2024 05:44:32 UTC] File: ast-block-templates-customizer-css.json Updated Successfully!
[23-Apr-2024 06:11:46 UTC] BLOCK: Getting Spectra Common CSS
[23-Apr-2024 06:21:06 UTC] BLOCK: Getting Spectra Common CSS
[23-Apr-2024 06:21:11 UTC] BLOCK: Getting Spectra Common CSS
[23-Apr-2024 06:21:13 UTC] BLOCK: Getting Spectra Common CSS
[23-Apr-2024 06:24:03 UTC] BLOCK: Getting Spectra Common CSS
[23-Apr-2024 06:30:05 UTC] BLOCK: Getting Spectra Common CSS
[23-Apr-2024 06:39:12 UTC] BLOCK: Getting Spectra Common CSS
[23-Apr-2024 06:45:23 UTC] BLOCK: Getting Spectra Common CSS
[23-Apr-2024 06:46:29 UTC] BLOCK: Getting Spectra Common CSS
[23-Apr-2024 06:48:18 UTC] BLOCK: Getting Spectra Common CSS
[23-Apr-2024 06:58:18 UTC] BLOCK: Getting Spectra Common CSS
[23-Apr-2024 06:58:55 UTC] Cron unschedule event error for hook: do_pings, Error code: could_not_set, Error message: The cron event list could not be saved., Data: {"schedule":false,"args":[]}
[23-Apr-2024 06:59:02 UTC] BLOCK: Getting Spectra Common CSS
[23-Apr-2024 06:59:27 UTC] BLOCK: Getting Spectra Common CSS
[23-Apr-2024 07:00:35 UTC] BLOCK: Getting Spectra Common CSS
[23-Apr-2024 07:08:40 UTC] BLOCK: Getting Spectra Common CSS
[23-Apr-2024 07:10:02 UTC] BLOCK: Getting Spectra Common CSS
[23-Apr-2024 07:11:25 UTC] BLOCK: Getting Spectra Common CSS
[23-Apr-2024 07:13:14 UTC] BLOCK: Getting Spectra Common CSS
[23-Apr-2024 07:13:31 UTC] BLOCK: Getting Spectra Common CSS
[23-Apr-2024 07:13:44 UTC] Cron unschedule event error for hook: do_pings, Error code: could_not_set, Error message: The cron event list could not be saved., Data: {"schedule":false,"args":[]}
[23-Apr-2024 07:13:47 UTC] BLOCK: Getting Spectra Common CSS
[23-Apr-2024 07:14:20 UTC] BLOCK: Getting Spectra Common CSS
[23-Apr-2024 07:15:35 UTC] BLOCK: Getting Spectra Common CSS
[23-Apr-2024 07:15:49 UTC] BLOCK: Getting Spectra Common CSS
[23-Apr-2024 07:41:07 UTC] BLOCK: Getting Spectra Common CSS
[23-Apr-2024 08:42:49 UTC] BLOCK: Getting Spectra Common CSS
[23-Apr-2024 09:30:59 UTC] BLOCK: Getting Spectra Common CSS
[23-Apr-2024 09:34:33 UTC] BLOCK: Getting Spectra Common CSS
[23-Apr-2024 09:46:02 UTC] BLOCK: Getting Spectra Common CSS
[23-Apr-2024 09:48:24 UTC] BLOCK: Getting Spectra Common CSS
[23-Apr-2024 09:50:11 UTC] BLOCK: Getting Spectra Common CSS
[23-Apr-2024 09:51:25 UTC] BLOCK: Getting Spectra Common CSS
[29-Apr-2024 03:43:29 UTC] BLOCK: Getting Spectra Common CSS
[29-Apr-2024 03:43:33 UTC] Sync process for Gutenberg Blocks has started.
[29-Apr-2024 03:43:33 UTC] CATEGORY: Storing in ast-block-templates-categories.json
[29-Apr-2024 03:43:33 UTC] File: ast-block-templates-categories.json Updated Successfully!
[29-Apr-2024 03:43:33 UTC] BLOCK: Requests count 7
[29-Apr-2024 03:43:33 UTC] File: ast-block-templates-block-requests.json Updated Successfully!
[29-Apr-2024 03:43:33 UTC] BLOCK: Importing request 1 ..
[29-Apr-2024 03:43:33 UTC] BLOCK: https://websitedemos.net/wp-json/astra-blocks/v2/blocks/?page_builder=gutenberg&per_page=30&page=1&wireframe=yes
[29-Apr-2024 03:43:34 UTC] BLOCK: Storing in file ast-block-templates-blocks-1
[29-Apr-2024 03:43:34 UTC] File: ast-block-templates-blocks-1.json Updated Successfully!
[29-Apr-2024 03:43:34 UTC] BLOCK: Completed request 1
[29-Apr-2024 03:43:34 UTC] BLOCK: Importing request 2 ..
[29-Apr-2024 03:43:34 UTC] BLOCK: https://websitedemos.net/wp-json/astra-blocks/v2/blocks/?page_builder=gutenberg&per_page=30&page=2&wireframe=yes
[29-Apr-2024 03:43:35 UTC] BLOCK: Storing in file ast-block-templates-blocks-2
[29-Apr-2024 03:43:35 UTC] File: ast-block-templates-blocks-2.json Updated Successfully!
[29-Apr-2024 03:43:35 UTC] BLOCK: Completed request 2
[29-Apr-2024 03:43:35 UTC] BLOCK: Importing request 3 ..
[29-Apr-2024 03:43:35 UTC] BLOCK: https://websitedemos.net/wp-json/astra-blocks/v2/blocks/?page_builder=gutenberg&per_page=30&page=3&wireframe=yes
[29-Apr-2024 03:43:36 UTC] BLOCK: Storing in file ast-block-templates-blocks-3
[29-Apr-2024 03:43:36 UTC] File: ast-block-templates-blocks-3.json Updated Successfully!
[29-Apr-2024 03:43:36 UTC] BLOCK: Completed request 3
[29-Apr-2024 03:43:36 UTC] BLOCK: Importing request 4 ..
[29-Apr-2024 03:43:36 UTC] BLOCK: https://websitedemos.net/wp-json/astra-blocks/v2/blocks/?page_builder=gutenberg&per_page=30&page=4&wireframe=yes
[29-Apr-2024 03:43:37 UTC] BLOCK: Storing in file ast-block-templates-blocks-4
[29-Apr-2024 03:43:37 UTC] File: ast-block-templates-blocks-4.json Updated Successfully!
[29-Apr-2024 03:43:37 UTC] BLOCK: Completed request 4
[29-Apr-2024 03:43:37 UTC] BLOCK: Importing request 5 ..
[29-Apr-2024 03:43:37 UTC] BLOCK: https://websitedemos.net/wp-json/astra-blocks/v2/blocks/?page_builder=gutenberg&per_page=30&page=5&wireframe=yes
[29-Apr-2024 03:43:38 UTC] BLOCK: Storing in file ast-block-templates-blocks-5
[29-Apr-2024 03:43:38 UTC] File: ast-block-templates-blocks-5.json Updated Successfully!
[29-Apr-2024 03:43:38 UTC] BLOCK: Completed request 5
[29-Apr-2024 03:43:38 UTC] BLOCK: Importing request 6 ..
[29-Apr-2024 03:43:38 UTC] BLOCK: https://websitedemos.net/wp-json/astra-blocks/v2/blocks/?page_builder=gutenberg&per_page=30&page=6&wireframe=yes
[29-Apr-2024 03:43:39 UTC] BLOCK: Storing in file ast-block-templates-blocks-6
[29-Apr-2024 03:43:39 UTC] File: ast-block-templates-blocks-6.json Updated Successfully!
[29-Apr-2024 03:43:39 UTC] BLOCK: Completed request 6
[29-Apr-2024 03:43:39 UTC] BLOCK: Importing request 7 ..
[29-Apr-2024 03:43:39 UTC] BLOCK: https://websitedemos.net/wp-json/astra-blocks/v2/blocks/?page_builder=gutenberg&per_page=30&page=7&wireframe=yes
[29-Apr-2024 03:43:40 UTC] BLOCK: Storing in file ast-block-templates-blocks-7
[29-Apr-2024 03:43:40 UTC] File: ast-block-templates-blocks-7.json Updated Successfully!
[29-Apr-2024 03:43:40 UTC] BLOCK: Completed request 7
[29-Apr-2024 03:43:40 UTC] SITE: Getting Total Sites
[29-Apr-2024 03:43:40 UTC] SITE: https://websitedemos.net/wp-json/astra-sites/v1/get-total-pages/?page_builder=gutenberg&per_page=30
[29-Apr-2024 03:43:41 UTC] SITE: Request count 11
[29-Apr-2024 03:43:41 UTC] File: ast-block-templates-site-requests.json Updated Successfully!
[29-Apr-2024 03:43:41 UTC] SITE: Importing request 1 ..
[29-Apr-2024 03:43:41 UTC] SITE: https://websitedemos.net/wp-json/astra-sites/v1/sites-and-pages/?per_page=30&page=1&page-builder=gutenberg
[29-Apr-2024 03:43:41 UTC] SITE: Storing in file ast-block-templates-sites-1
[29-Apr-2024 03:43:41 UTC] File: ast-block-templates-sites-1.json Updated Successfully!
[29-Apr-2024 03:43:41 UTC] SITE: Completed request 1
[29-Apr-2024 03:43:41 UTC] SITE: Importing request 2 ..
[29-Apr-2024 03:43:41 UTC] SITE: https://websitedemos.net/wp-json/astra-sites/v1/sites-and-pages/?per_page=30&page=2&page-builder=gutenberg
[29-Apr-2024 03:43:41 UTC] SITE: Storing in file ast-block-templates-sites-2
[29-Apr-2024 03:43:41 UTC] File: ast-block-templates-sites-2.json Updated Successfully!
[29-Apr-2024 03:43:41 UTC] SITE: Completed request 2
[29-Apr-2024 03:43:41 UTC] SITE: Importing request 3 ..
[29-Apr-2024 03:43:41 UTC] SITE: https://websitedemos.net/wp-json/astra-sites/v1/sites-and-pages/?per_page=30&page=3&page-builder=gutenberg
[29-Apr-2024 03:43:42 UTC] SITE: Storing in file ast-block-templates-sites-3
[29-Apr-2024 03:43:42 UTC] File: ast-block-templates-sites-3.json Updated Successfully!
[29-Apr-2024 03:43:42 UTC] SITE: Completed request 3
[29-Apr-2024 03:43:42 UTC] SITE: Importing request 4 ..
[29-Apr-2024 03:43:42 UTC] SITE: https://websitedemos.net/wp-json/astra-sites/v1/sites-and-pages/?per_page=30&page=4&page-builder=gutenberg
[29-Apr-2024 03:43:42 UTC] SITE: Storing in file ast-block-templates-sites-4
[29-Apr-2024 03:43:42 UTC] File: ast-block-templates-sites-4.json Updated Successfully!
[29-Apr-2024 03:43:42 UTC] SITE: Completed request 4
[29-Apr-2024 03:43:42 UTC] SITE: Importing request 5 ..
[29-Apr-2024 03:43:42 UTC] SITE: https://websitedemos.net/wp-json/astra-sites/v1/sites-and-pages/?per_page=30&page=5&page-builder=gutenberg
[29-Apr-2024 03:43:42 UTC] SITE: Storing in file ast-block-templates-sites-5
[29-Apr-2024 03:43:42 UTC] File: ast-block-templates-sites-5.json Updated Successfully!
[29-Apr-2024 03:43:42 UTC] SITE: Completed request 5
[29-Apr-2024 03:43:42 UTC] SITE: Importing request 6 ..
[29-Apr-2024 03:43:42 UTC] SITE: https://websitedemos.net/wp-json/astra-sites/v1/sites-and-pages/?per_page=30&page=6&page-builder=gutenberg
[29-Apr-2024 03:43:43 UTC] SITE: Storing in file ast-block-templates-sites-6
[29-Apr-2024 03:43:43 UTC] File: ast-block-templates-sites-6.json Updated Successfully!
[29-Apr-2024 03:43:43 UTC] SITE: Completed request 6
[29-Apr-2024 03:43:43 UTC] SITE: Importing request 7 ..
[29-Apr-2024 03:43:43 UTC] SITE: https://websitedemos.net/wp-json/astra-sites/v1/sites-and-pages/?per_page=30&page=7&page-builder=gutenberg
[29-Apr-2024 03:43:43 UTC] SITE: Storing in file ast-block-templates-sites-7
[29-Apr-2024 03:43:43 UTC] File: ast-block-templates-sites-7.json Updated Successfully!
[29-Apr-2024 03:43:43 UTC] SITE: Completed request 7
[29-Apr-2024 03:43:43 UTC] SITE: Importing request 8 ..
[29-Apr-2024 03:43:43 UTC] SITE: https://websitedemos.net/wp-json/astra-sites/v1/sites-and-pages/?per_page=30&page=8&page-builder=gutenberg
[29-Apr-2024 03:43:43 UTC] SITE: Storing in file ast-block-templates-sites-8
[29-Apr-2024 03:43:43 UTC] File: ast-block-templates-sites-8.json Not Updated!
[29-Apr-2024 03:43:43 UTC] SITE: Completed request 8
[29-Apr-2024 03:43:43 UTC] SITE: Importing request 9 ..
[29-Apr-2024 03:43:43 UTC] SITE: https://websitedemos.net/wp-json/astra-sites/v1/sites-and-pages/?per_page=30&page=9&page-builder=gutenberg
[29-Apr-2024 03:43:44 UTC] SITE: Storing in file ast-block-templates-sites-9
[29-Apr-2024 03:43:44 UTC] File: ast-block-templates-sites-9.json Not Updated!
[29-Apr-2024 03:43:44 UTC] SITE: Completed request 9
[29-Apr-2024 03:43:44 UTC] SITE: Importing request 10 ..
[29-Apr-2024 03:43:44 UTC] SITE: https://websitedemos.net/wp-json/astra-sites/v1/sites-and-pages/?per_page=30&page=10&page-builder=gutenberg
[29-Apr-2024 03:43:44 UTC] SITE: Storing in file ast-block-templates-sites-10
[29-Apr-2024 03:43:44 UTC] File: ast-block-templates-sites-10.json Not Updated!
[29-Apr-2024 03:43:44 UTC] SITE: Completed request 10
[29-Apr-2024 03:43:44 UTC] SITE: Importing request 11 ..
[29-Apr-2024 03:43:44 UTC] SITE: https://websitedemos.net/wp-json/astra-sites/v1/sites-and-pages/?per_page=30&page=11&page-builder=gutenberg
[29-Apr-2024 03:43:44 UTC] SITE: Storing in file ast-block-templates-sites-11
[29-Apr-2024 03:43:44 UTC] File: ast-block-templates-sites-11.json Not Updated!
[29-Apr-2024 03:43:44 UTC] SITE: Completed request 11
[29-Apr-2024 03:43:44 UTC] Sync process for Gutenberg Blocks is done.
[29-Apr-2024 03:43:44 UTC] File: ast-block-templates-last-export-checksums.json Updated Successfully!
[29-Apr-2024 03:43:44 UTC] BLOCK: Getting Server Custimizer CSS
[29-Apr-2024 03:43:44 UTC] BLOCK: https://websitedemos.net/wp-json/astra-blocks/v2/get-customizer-css
[29-Apr-2024 03:43:45 UTC] File: ast-block-templates-customizer-css.json Updated Successfully!
[29-Apr-2024 03:44:15 UTC] BLOCK: Getting Spectra Common CSS
[29-Apr-2024 04:08:35 UTC] BLOCK: Getting Spectra Common CSS
[29-Apr-2024 04:17:04 UTC] BLOCK: Getting Spectra Common CSS
[29-Apr-2024 04:24:06 UTC] BLOCK: Getting Spectra Common CSS
[29-Apr-2024 04:30:55 UTC] BLOCK: Getting Spectra Common CSS
[29-Apr-2024 04:33:32 UTC] BLOCK: Getting Spectra Common CSS
[29-Apr-2024 04:35:00 UTC] BLOCK: Getting Spectra Common CSS
[29-Apr-2024 04:35:46 UTC] BLOCK: Getting Spectra Common CSS
[29-Apr-2024 04:36:57 UTC] BLOCK: Getting Spectra Common CSS
[29-Apr-2024 04:37:15 UTC] BLOCK: Getting Spectra Common CSS
[29-Apr-2024 04:38:40 UTC] BLOCK: Getting Spectra Common CSS
[29-Apr-2024 04:39:00 UTC] BLOCK: Getting Spectra Common CSS
[29-Apr-2024 04:39:06 UTC] BLOCK: Getting Spectra Common CSS
[29-Apr-2024 04:49:00 UTC] BLOCK: Getting Spectra Common CSS
[29-Apr-2024 04:50:18 UTC] BLOCK: Getting Spectra Common CSS
[29-Apr-2024 04:51:11 UTC] BLOCK: Getting Spectra Common CSS
